  [1m[36m (179.0ms)[0m  [1mCREATE TABLE `schema_migrations` (`version` varchar(255) NOT NULL) ENGINE=InnoDB[0m
  [1m[35m (188.0ms)[0m  CREATE UNIQUE INDEX `unique_schema_migrations` ON `schema_migrations` (`version`) 
  [1m[36mActiveRecord::SchemaMigration Load (0.0ms)[0m  [1mSELECT `schema_migrations`.* FROM `schema_migrations`[0m
Migrating to DeviseCreateUsers (20131019100801)
  [1m[35m (92.0ms)[0m  CREATE TABLE `users` (`id` int(11) DEFAULT NULL auto_increment PRIMARY KEY, `email` varchar(255) DEFAULT '' NOT NULL, `encrypted_password` varchar(255) DEFAULT '' NOT NULL, `reset_password_token` varchar(255), `reset_password_sent_at` datetime, `remember_created_at` datetime, `sign_in_count` int(11) DEFAULT 0 NOT NULL, `current_sign_in_at` datetime, `last_sign_in_at` datetime, `current_sign_in_ip` varchar(255), `last_sign_in_ip` varchar(255), `created_at` datetime, `updated_at` datetime) ENGINE=InnoDB
  [1m[36m (132.0ms)[0m  [1mCREATE UNIQUE INDEX `index_users_on_email` ON `users` (`email`) [0m
  [1m[35m (152.0ms)[0m  CREATE UNIQUE INDEX `index_users_on_reset_password_token` ON `users` (`reset_password_token`) 
  [1m[36m (0.0ms)[0m  [1mBEGIN[0m
  [1m[35mSQL (17.0ms)[0m  INSERT INTO `schema_migrations` (`version`) VALUES ('20131019100801')
  [1m[36m (40.0ms)[0m  [1mCOMMIT[0m
  [1m[35mActiveRecord::SchemaMigration Load (0.0ms)[0m  SELECT `schema_migrations`.* FROM `schema_migrations`


Started GET "/" for 127.0.0.1 at 2013-10-19 13:41:46 +0200
  [1m[36mActiveRecord::SchemaMigration Load (0.0ms)[0m  [1mSELECT `schema_migrations`.* FROM `schema_migrations`[0m

ActionController::RoutingError (uninitialized constant HomeController):
  activesupport (4.0.0) lib/active_support/inflector/methods.rb:226:in `const_get'
  activesupport (4.0.0) lib/active_support/inflector/methods.rb:226:in `block in constantize'
  activesupport (4.0.0) lib/active_support/inflector/methods.rb:224:in `each'
  activesupport (4.0.0) lib/active_support/inflector/methods.rb:224:in `inject'
  activesupport (4.0.0) lib/active_support/inflector/methods.rb:224:in `constantize'
  actionpack (4.0.0) lib/action_dispatch/routing/route_set.rb:76:in `controller_reference'
  actionpack (4.0.0) lib/action_dispatch/routing/route_set.rb:66:in `controller'
  actionpack (4.0.0) lib/action_dispatch/routing/route_set.rb:44:in `call'
  actionpack (4.0.0) lib/action_dispatch/journey/router.rb:71:in `block in call'
  actionpack (4.0.0) lib/action_dispatch/journey/router.rb:59:in `each'
  actionpack (4.0.0) lib/action_dispatch/journey/router.rb:59:in `call'
  actionpack (4.0.0) lib/action_dispatch/routing/route_set.rb:655:in `call'
  bullet (4.6.0) lib/bullet/rack.rb:10:in `call'
  warden (1.2.3) lib/warden/manager.rb:35:in `block in call'
  warden (1.2.3) lib/warden/manager.rb:34:in `catch'
  warden (1.2.3) lib/warden/manager.rb:34:in `call'
  rack (1.5.2) lib/rack/etag.rb:23:in `call'
  rack (1.5.2) lib/rack/conditionalget.rb:25:in `call'
  rack (1.5.2) lib/rack/head.rb:11:in `call'
  actionpack (4.0.0) lib/action_dispatch/middleware/params_parser.rb:27:in `call'
  actionpack (4.0.0) lib/action_dispatch/middleware/flash.rb:241:in `call'
  rack (1.5.2) lib/rack/session/abstract/id.rb:225:in `context'
  rack (1.5.2) lib/rack/session/abstract/id.rb:220:in `call'
  actionpack (4.0.0) lib/action_dispatch/middleware/cookies.rb:486:in `call'
  activerecord (4.0.0) lib/active_record/query_cache.rb:36:in `call'
  activerecord (4.0.0) lib/active_record/connection_adapters/abstract/connection_pool.rb:626:in `call'
  activerecord (4.0.0) lib/active_record/migration.rb:369:in `call'
  actionpack (4.0.0) lib/action_dispatch/middleware/callbacks.rb:29:in `block in call'
  activesupport (4.0.0) lib/active_support/callbacks.rb:373:in `_run__848895247__call__callbacks'
  activesupport (4.0.0) lib/active_support/callbacks.rb:80:in `run_callbacks'
  actionpack (4.0.0) lib/action_dispatch/middleware/callbacks.rb:27:in `call'
  actionpack (4.0.0) lib/action_dispatch/middleware/reloader.rb:64:in `call'
  actionpack (4.0.0) lib/action_dispatch/middleware/remote_ip.rb:76:in `call'
  actionpack (4.0.0) lib/action_dispatch/middleware/debug_exceptions.rb:17:in `call'
  actionpack (4.0.0) lib/action_dispatch/middleware/show_exceptions.rb:30:in `call'
  railties (4.0.0) lib/rails/rack/logger.rb:38:in `call_app'
  railties (4.0.0) lib/rails/rack/logger.rb:21:in `block in call'
  activesupport (4.0.0) lib/active_support/tagged_logging.rb:67:in `block in tagged'
  activesupport (4.0.0) lib/active_support/tagged_logging.rb:25:in `tagged'
  activesupport (4.0.0) lib/active_support/tagged_logging.rb:67:in `tagged'
  railties (4.0.0) lib/rails/rack/logger.rb:21:in `call'
  actionpack (4.0.0) lib/action_dispatch/middleware/request_id.rb:21:in `call'
  rack (1.5.2) lib/rack/methodoverride.rb:21:in `call'
  rack (1.5.2) lib/rack/runtime.rb:17:in `call'
  activesupport (4.0.0) lib/active_support/cache/strategy/local_cache.rb:83:in `call'
  rack (1.5.2) lib/rack/lock.rb:17:in `call'
  actionpack (4.0.0) lib/action_dispatch/middleware/static.rb:64:in `call'
  railties (4.0.0) lib/rails/engine.rb:511:in `call'
  railties (4.0.0) lib/rails/application.rb:97:in `call'
  rack (1.5.2) lib/rack/lock.rb:17:in `call'
  rack (1.5.2) lib/rack/content_length.rb:14:in `call'
  rack (1.5.2) lib/rack/handler/webrick.rb:60:in `service'
  C:/RailsInstaller/Ruby1.9.3/lib/ruby/1.9.1/webrick/httpserver.rb:138:in `service'
  C:/RailsInstaller/Ruby1.9.3/lib/ruby/1.9.1/webrick/httpserver.rb:94:in `run'
  C:/RailsInstaller/Ruby1.9.3/lib/ruby/1.9.1/webrick/server.rb:191:in `block in start_thread'


  Rendered C:/RailsInstaller/Ruby1.9.3/lib/ruby/gems/1.9.1/gems/actionpack-4.0.0/lib/action_dispatch/middleware/templates/rescues/_trace.erb (2.0ms)
  Rendered C:/RailsInstaller/Ruby1.9.3/lib/ruby/gems/1.9.1/gems/actionpack-4.0.0/lib/action_dispatch/middleware/templates/routes/_route.html.erb (2.0ms)
  Rendered C:/RailsInstaller/Ruby1.9.3/lib/ruby/gems/1.9.1/gems/actionpack-4.0.0/lib/action_dispatch/middleware/templates/routes/_table.html.erb (119.0ms)
  Rendered C:/RailsInstaller/Ruby1.9.3/lib/ruby/gems/1.9.1/gems/actionpack-4.0.0/lib/action_dispatch/middleware/templates/rescues/routing_error.erb within rescues/layout (426.0ms)


Started GET "/" for 127.0.0.1 at 2013-10-19 13:42:24 +0200
Processing by HomesController#show as HTML
  Rendered homes/show.html.haml within layouts/application (2.0ms)
Completed 200 OK in 7318ms (Views: 7102.4ms | ActiveRecord: 0.0ms)


Started GET "/assets/homes.css?body=1" for 127.0.0.1 at 2013-10-19 13:42:32 +0200


Started GET "/assets/jquery.js?body=1" for 127.0.0.1 at 2013-10-19 13:42:32 +0200


Started GET "/assets/application.css?body=1" for 127.0.0.1 at 2013-10-19 13:42:32 +0200


Started GET "/assets/jquery_ujs.js?body=1" for 127.0.0.1 at 2013-10-19 13:42:32 +0200


Started GET "/assets/turbolinks.js?body=1" for 127.0.0.1 at 2013-10-19 13:42:32 +0200


Started GET "/assets/homes.js?body=1" for 127.0.0.1 at 2013-10-19 13:42:32 +0200


Started GET "/assets/application.js?body=1" for 127.0.0.1 at 2013-10-19 13:42:32 +0200


Started GET "/" for 127.0.0.1 at 2013-10-19 13:42:53 +0200
Processing by HomesController#show as HTML
  Rendered homes/show.html.haml within layouts/application (0.0ms)
Completed 200 OK in 34ms (Views: 33.0ms | ActiveRecord: 0.0ms)


Started GET "/assets/jquery_ujs.js?body=1" for 127.0.0.1 at 2013-10-19 13:42:54 +0200


Started GET "/assets/application.css?body=1" for 127.0.0.1 at 2013-10-19 13:42:54 +0200


Started GET "/assets/jquery.js?body=1" for 127.0.0.1 at 2013-10-19 13:42:54 +0200


Started GET "/assets/homes.css?body=1" for 127.0.0.1 at 2013-10-19 13:42:54 +0200


Started GET "/assets/turbolinks.js?body=1" for 127.0.0.1 at 2013-10-19 13:42:54 +0200


Started GET "/assets/homes.js?body=1" for 127.0.0.1 at 2013-10-19 13:42:54 +0200


Started GET "/assets/application.js?body=1" for 127.0.0.1 at 2013-10-19 13:42:54 +0200


Started GET "/" for 127.0.0.1 at 2013-10-19 13:43:10 +0200
Processing by HomesController#show as HTML
Completed 401 Unauthorized in 62ms


Started GET "/users/sign_in" for 127.0.0.1 at 2013-10-19 13:43:10 +0200
Processing by Devise::SessionsController#new as HTML
  Rendered devise/shared/_links.haml (5.0ms)
  Rendered devise/sessions/new.html.haml within layouts/application (296.0ms)
Completed 200 OK in 420ms (Views: 321.0ms | ActiveRecord: 9.0ms)


Started GET "/assets/application.css?body=1" for 127.0.0.1 at 2013-10-19 13:43:11 +0200


Started GET "/assets/homes.css?body=1" for 127.0.0.1 at 2013-10-19 13:43:11 +0200


Started GET "/assets/jquery.js?body=1" for 127.0.0.1 at 2013-10-19 13:43:11 +0200


Started GET "/assets/jquery_ujs.js?body=1" for 127.0.0.1 at 2013-10-19 13:43:11 +0200


Started GET "/assets/turbolinks.js?body=1" for 127.0.0.1 at 2013-10-19 13:43:11 +0200


Started GET "/assets/homes.js?body=1" for 127.0.0.1 at 2013-10-19 13:43:11 +0200


Started GET "/assets/application.js?body=1" for 127.0.0.1 at 2013-10-19 13:43:11 +0200


Started GET "/users/sign_in" for 127.0.0.1 at 2013-10-19 13:50:02 +0200
Processing by Devise::SessionsController#new as HTML
  Rendered devise/shared/_links.haml (1.0ms)
  Rendered devise/sessions/new.html.haml within layouts/application (15.0ms)
Completed 200 OK in 421ms (Views: 418.0ms | ActiveRecord: 0.0ms)


Started GET "/users/sign_in" for 127.0.0.1 at 2013-10-19 13:52:29 +0200
Processing by Devise::SessionsController#new as HTML
  Rendered devise/shared/_links.haml (1.0ms)
  Rendered devise/sessions/new.html.haml within layouts/application (10.0ms)
Completed 200 OK in 76ms (Views: 73.0ms | ActiveRecord: 0.0ms)


Started GET "/assets/application.css?body=1" for 127.0.0.1 at 2013-10-19 13:52:30 +0200


Started GET "/assets/bootstrap-responsive.css?body=1" for 127.0.0.1 at 2013-10-19 13:52:30 +0200


Started GET "/assets/bootstrap-responsive.min.css?body=1" for 127.0.0.1 at 2013-10-19 13:52:30 +0200


Started GET "/assets/jquery_ujs.js?body=1" for 127.0.0.1 at 2013-10-19 13:52:30 +0200


Started GET "/assets/bootstrap.min.css?body=1" for 127.0.0.1 at 2013-10-19 13:52:30 +0200


Started GET "/assets/homes.css?body=1" for 127.0.0.1 at 2013-10-19 13:52:30 +0200


Started GET "/assets/jquery.js?body=1" for 127.0.0.1 at 2013-10-19 13:52:30 +0200


Started GET "/assets/bootstrap.css?body=1" for 127.0.0.1 at 2013-10-19 13:52:30 +0200


Started GET "/assets/turbolinks.js?body=1" for 127.0.0.1 at 2013-10-19 13:52:30 +0200


Started GET "/assets/bootstrap.js?body=1" for 127.0.0.1 at 2013-10-19 13:52:30 +0200


Started GET "/assets/bootstrap.min.js?body=1" for 127.0.0.1 at 2013-10-19 13:52:30 +0200


Started GET "/assets/homes.js?body=1" for 127.0.0.1 at 2013-10-19 13:52:30 +0200


Started GET "/assets/application.js?body=1" for 127.0.0.1 at 2013-10-19 13:52:30 +0200


Started GET "/users/sign_in" for 127.0.0.1 at 2013-10-19 13:53:03 +0200
Processing by Devise::SessionsController#new as HTML
  Rendered devise/shared/_links.haml (1.0ms)
  Rendered devise/sessions/new.html.haml within layouts/application (13.0ms)
Completed 200 OK in 123ms (Views: 118.0ms | ActiveRecord: 0.0ms)


Started GET "/assets/bootstrap-responsive.css?body=1" for 127.0.0.1 at 2013-10-19 13:53:04 +0200


Started GET "/assets/bootstrap.css?body=1" for 127.0.0.1 at 2013-10-19 13:53:04 +0200


Started GET "/assets/application.css?body=1" for 127.0.0.1 at 2013-10-19 13:53:04 +0200


Started GET "/assets/jquery_ujs.js?body=1" for 127.0.0.1 at 2013-10-19 13:53:04 +0200


Started GET "/assets/homes.css?body=1" for 127.0.0.1 at 2013-10-19 13:53:04 +0200


Started GET "/assets/jquery.js?body=1" for 127.0.0.1 at 2013-10-19 13:53:04 +0200


Started GET "/assets/turbolinks.js?body=1" for 127.0.0.1 at 2013-10-19 13:53:04 +0200


Started GET "/assets/bootstrap.js?body=1" for 127.0.0.1 at 2013-10-19 13:53:04 +0200


Started GET "/assets/bootstrap.min.js?body=1" for 127.0.0.1 at 2013-10-19 13:53:04 +0200


Started GET "/assets/homes.js?body=1" for 127.0.0.1 at 2013-10-19 13:53:04 +0200


Started GET "/assets/application.js?body=1" for 127.0.0.1 at 2013-10-19 13:53:04 +0200


Started POST "/users/sign_in" for 127.0.0.1 at 2013-10-19 13:53:33 +0200
Processing by Devise::SessionsController#create as HTML
  Parameters: {"utf8"=>"✓", "authenticity_token"=>"vpfKEedmitsygwbbzeYn4lgYAshroDScOUyLVR0MKQ8=", "user"=>{"email"=>"", "password"=>"[FILTERED]", "remember_me"=>"0"}, "commit"=>"Sign in"}
Completed 401 Unauthorized in 3ms
Processing by Devise::SessionsController#new as HTML
  Parameters: {"utf8"=>"✓", "authenticity_token"=>"vpfKEedmitsygwbbzeYn4lgYAshroDScOUyLVR0MKQ8=", "user"=>{"email"=>"", "password"=>"[FILTERED]", "remember_me"=>"0"}, "commit"=>"Sign in"}
  Rendered devise/shared/_links.haml (1.0ms)
  Rendered devise/sessions/new.html.haml within layouts/application (11.0ms)
Completed 200 OK in 43ms (Views: 41.0ms | ActiveRecord: 0.0ms)


Started GET "/assets/application.css?body=1" for 127.0.0.1 at 2013-10-19 13:53:33 +0200


Started GET "/assets/bootstrap-responsive.css?body=1" for 127.0.0.1 at 2013-10-19 13:53:33 +0200


Started GET "/assets/bootstrap.css?body=1" for 127.0.0.1 at 2013-10-19 13:53:33 +0200


Started GET "/assets/homes.css?body=1" for 127.0.0.1 at 2013-10-19 13:53:33 +0200


Started GET "/assets/jquery.js?body=1" for 127.0.0.1 at 2013-10-19 13:53:34 +0200


Started GET "/assets/jquery_ujs.js?body=1" for 127.0.0.1 at 2013-10-19 13:53:34 +0200


Started GET "/assets/turbolinks.js?body=1" for 127.0.0.1 at 2013-10-19 13:53:34 +0200


Started GET "/assets/bootstrap.js?body=1" for 127.0.0.1 at 2013-10-19 13:53:34 +0200


Started GET "/assets/bootstrap.min.js?body=1" for 127.0.0.1 at 2013-10-19 13:53:34 +0200


Started GET "/assets/homes.js?body=1" for 127.0.0.1 at 2013-10-19 13:53:34 +0200


Started GET "/assets/application.js?body=1" for 127.0.0.1 at 2013-10-19 13:53:34 +0200


Started POST "/users/sign_in" for 127.0.0.1 at 2013-10-19 14:02:58 +0200
Processing by Devise::SessionsController#create as HTML
  Parameters: {"utf8"=>"✓", "authenticity_token"=>"vpfKEedmitsygwbbzeYn4lgYAshroDScOUyLVR0MKQ8=", "user"=>{"email"=>"", "password"=>"[FILTERED]", "remember_me"=>"0"}, "commit"=>"Sign in"}
Completed 401 Unauthorized in 3ms
Processing by Devise::SessionsController#new as HTML
  Parameters: {"utf8"=>"✓", "authenticity_token"=>"vpfKEedmitsygwbbzeYn4lgYAshroDScOUyLVR0MKQ8=", "user"=>{"email"=>"", "password"=>"[FILTERED]", "remember_me"=>"0"}, "commit"=>"Sign in"}
  Rendered devise/sessions/new.html.haml within layouts/devise (152.0ms)
Completed 500 Internal Server Error in 173ms

ActionView::Template::Error (Illegal nesting: content can't be both given on the same line as %h2 and nested within it.):
    1: = form_for(resource, :as => resource_name, :url => session_path(resource_name), :class=>'form-signin') do |f|
    2:   %h2.form-signin-heading Please sign in
    3:     = f.email_field :email, :autofocus => true, :placeholder => 'Email address', :class=>'input-block-level'
    4:     = f.password_field :password, :placeholder => 'Password', :class => 'input-block-level'
    5: 
    6:   - if devise_mapping.rememberable?
  app/views/devise/sessions/new.html.haml:3


  Rendered C:/RailsInstaller/Ruby1.9.3/lib/ruby/gems/1.9.1/gems/actionpack-4.0.0/lib/action_dispatch/middleware/templates/rescues/_trace.erb (3.0ms)
  Rendered C:/RailsInstaller/Ruby1.9.3/lib/ruby/gems/1.9.1/gems/actionpack-4.0.0/lib/action_dispatch/middleware/templates/rescues/_request_and_response.erb (1.0ms)
  Rendered C:/RailsInstaller/Ruby1.9.3/lib/ruby/gems/1.9.1/gems/actionpack-4.0.0/lib/action_dispatch/middleware/templates/rescues/template_error.erb within rescues/layout (103.0ms)


Started POST "/users/sign_in" for 127.0.0.1 at 2013-10-19 14:03:22 +0200
Processing by Devise::SessionsController#create as HTML
  Parameters: {"utf8"=>"✓", "authenticity_token"=>"vpfKEedmitsygwbbzeYn4lgYAshroDScOUyLVR0MKQ8=", "user"=>{"email"=>"", "password"=>"[FILTERED]", "remember_me"=>"0"}, "commit"=>"Sign in"}
Completed 401 Unauthorized in 4ms
Processing by Devise::SessionsController#new as HTML
  Parameters: {"utf8"=>"✓", "authenticity_token"=>"vpfKEedmitsygwbbzeYn4lgYAshroDScOUyLVR0MKQ8=", "user"=>{"email"=>"", "password"=>"[FILTERED]", "remember_me"=>"0"}, "commit"=>"Sign in"}
  Rendered devise/sessions/new.html.haml within layouts/devise (6.0ms)
Completed 200 OK in 35ms (Views: 32.0ms | ActiveRecord: 0.0ms)


Started GET "/assets/application.css?body=1" for 127.0.0.1 at 2013-10-19 14:03:22 +0200


Started GET "/assets/bootstrap-responsive.css?body=1" for 127.0.0.1 at 2013-10-19 14:03:22 +0200


Started GET "/assets/bootstrap.css?body=1" for 127.0.0.1 at 2013-10-19 14:03:22 +0200


Started GET "/assets/homes.css?body=1" for 127.0.0.1 at 2013-10-19 14:03:22 +0200


Started GET "/assets/jquery.js?body=1" for 127.0.0.1 at 2013-10-19 14:03:22 +0200


Started GET "/assets/jquery_ujs.js?body=1" for 127.0.0.1 at 2013-10-19 14:03:22 +0200


Started GET "/assets/turbolinks.js?body=1" for 127.0.0.1 at 2013-10-19 14:03:22 +0200


Started GET "/assets/bootstrap.js?body=1" for 127.0.0.1 at 2013-10-19 14:03:22 +0200


Started GET "/assets/bootstrap.min.js?body=1" for 127.0.0.1 at 2013-10-19 14:03:22 +0200


Started GET "/assets/homes.js?body=1" for 127.0.0.1 at 2013-10-19 14:03:22 +0200


Started GET "/assets/application.js?body=1" for 127.0.0.1 at 2013-10-19 14:03:22 +0200


Started POST "/users/sign_in" for 127.0.0.1 at 2013-10-19 14:13:24 +0200
Processing by Devise::SessionsController#create as HTML
  Parameters: {"utf8"=>"✓", "authenticity_token"=>"vpfKEedmitsygwbbzeYn4lgYAshroDScOUyLVR0MKQ8=", "user"=>{"email"=>"", "password"=>"[FILTERED]", "remember_me"=>"0"}, "commit"=>"Sign in"}
Completed 401 Unauthorized in 4ms
Processing by Devise::SessionsController#new as HTML
  Parameters: {"utf8"=>"✓", "authenticity_token"=>"vpfKEedmitsygwbbzeYn4lgYAshroDScOUyLVR0MKQ8=", "user"=>{"email"=>"", "password"=>"[FILTERED]", "remember_me"=>"0"}, "commit"=>"Sign in"}
  Rendered devise/sessions/new.html.haml within layouts/devise (3.0ms)
Completed 500 Internal Server Error in 51ms

ActionView::Template::Error (require_directory argument must be a relative path
  (in D:/Sites web/feedr/app/assets/stylesheets/application.css:13)):
    3:   %head
    4:     %title Feedr - Your personal news feed !
    5:     %meta{:name => 'viewport', :content => 'width=device-width, initial-scale=1.0'}
    6:     = stylesheet_link_tag    "application", media: "all", "data-turbolinks-track" => true
    7:     = javascript_include_tag "application", "data-turbolinks-track" => true
    8:     = csrf_meta_tags
    9: 
  app/views/layouts/devise.html.haml:6:in `_app_views_layouts_devise_html_haml___515453772_43214856'


  Rendered C:/RailsInstaller/Ruby1.9.3/lib/ruby/gems/1.9.1/gems/actionpack-4.0.0/lib/action_dispatch/middleware/templates/rescues/_trace.erb (2.0ms)
  Rendered C:/RailsInstaller/Ruby1.9.3/lib/ruby/gems/1.9.1/gems/actionpack-4.0.0/lib/action_dispatch/middleware/templates/rescues/_request_and_response.erb (2.0ms)
  Rendered C:/RailsInstaller/Ruby1.9.3/lib/ruby/gems/1.9.1/gems/actionpack-4.0.0/lib/action_dispatch/middleware/templates/rescues/template_error.erb within rescues/layout (92.0ms)


Started POST "/users/sign_in" for 127.0.0.1 at 2013-10-19 14:13:41 +0200
Processing by Devise::SessionsController#create as HTML
  Parameters: {"utf8"=>"✓", "authenticity_token"=>"vpfKEedmitsygwbbzeYn4lgYAshroDScOUyLVR0MKQ8=", "user"=>{"email"=>"", "password"=>"[FILTERED]", "remember_me"=>"0"}, "commit"=>"Sign in"}
Completed 401 Unauthorized in 2ms
Processing by Devise::SessionsController#new as HTML
  Parameters: {"utf8"=>"✓", "authenticity_token"=>"vpfKEedmitsygwbbzeYn4lgYAshroDScOUyLVR0MKQ8=", "user"=>{"email"=>"", "password"=>"[FILTERED]", "remember_me"=>"0"}, "commit"=>"Sign in"}
  Rendered devise/sessions/new.html.haml within layouts/devise (3.0ms)
Completed 500 Internal Server Error in 85ms

ActionView::Template::Error (File to import not found or unreadable: compass.
Load paths:
  D:/Sites web/feedr/app/assets/images
  D:/Sites web/feedr/app/assets/javascripts
  D:/Sites web/feedr/app/assets/stylesheets
  D:/Sites web/feedr/vendor/assets/javascripts
  D:/Sites web/feedr/vendor/assets/stylesheets
  C:/RailsInstaller/Ruby1.9.3/lib/ruby/gems/1.9.1/gems/turbolinks-1.3.0/lib/assets/javascripts
  C:/RailsInstaller/Ruby1.9.3/lib/ruby/gems/1.9.1/gems/jquery-rails-3.0.4/vendor/assets/javascripts
  C:/RailsInstaller/Ruby1.9.3/lib/ruby/gems/1.9.1/gems/coffee-rails-4.0.1/lib/assets/javascripts
  (in D:/Sites web/feedr/app/assets/stylesheets/_partial/login.sass:1)):
    3:   %head
    4:     %title Feedr - Your personal news feed !
    5:     %meta{:name => 'viewport', :content => 'width=device-width, initial-scale=1.0'}
    6:     = stylesheet_link_tag    "application", media: "all", "data-turbolinks-track" => true
    7:     = javascript_include_tag "application", "data-turbolinks-track" => true
    8:     = csrf_meta_tags
    9: 
  app/assets/stylesheets/_partial/login.sass:1
  app/views/layouts/devise.html.haml:6:in `_app_views_layouts_devise_html_haml___515453772_43214856'


  Rendered C:/RailsInstaller/Ruby1.9.3/lib/ruby/gems/1.9.1/gems/actionpack-4.0.0/lib/action_dispatch/middleware/templates/rescues/_trace.erb (3.0ms)
  Rendered C:/RailsInstaller/Ruby1.9.3/lib/ruby/gems/1.9.1/gems/actionpack-4.0.0/lib/action_dispatch/middleware/templates/rescues/_request_and_response.erb (2.0ms)
  Rendered C:/RailsInstaller/Ruby1.9.3/lib/ruby/gems/1.9.1/gems/actionpack-4.0.0/lib/action_dispatch/middleware/templates/rescues/template_error.erb within rescues/layout (88.0ms)


Started POST "/users/sign_in" for 127.0.0.1 at 2013-10-19 14:18:22 +0200
Processing by Devise::SessionsController#create as HTML
  Parameters: {"utf8"=>"✓", "authenticity_token"=>"vpfKEedmitsygwbbzeYn4lgYAshroDScOUyLVR0MKQ8=", "user"=>{"email"=>"", "password"=>"[FILTERED]", "remember_me"=>"0"}, "commit"=>"Sign in"}
Completed 401 Unauthorized in 3ms
Processing by Devise::SessionsController#new as HTML
  Parameters: {"utf8"=>"✓", "authenticity_token"=>"vpfKEedmitsygwbbzeYn4lgYAshroDScOUyLVR0MKQ8=", "user"=>{"email"=>"", "password"=>"[FILTERED]", "remember_me"=>"0"}, "commit"=>"Sign in"}
  Rendered devise/sessions/new.html.haml within layouts/devise (4.0ms)
Completed 500 Internal Server Error in 106ms

ActionView::Template::Error (File to import not found or unreadable: compass.
Load paths:
  D:/Sites web/feedr/app/assets/images
  D:/Sites web/feedr/app/assets/javascripts
  D:/Sites web/feedr/app/assets/stylesheets
  D:/Sites web/feedr/vendor/assets/javascripts
  D:/Sites web/feedr/vendor/assets/stylesheets
  C:/RailsInstaller/Ruby1.9.3/lib/ruby/gems/1.9.1/gems/turbolinks-1.3.0/lib/assets/javascripts
  C:/RailsInstaller/Ruby1.9.3/lib/ruby/gems/1.9.1/gems/jquery-rails-3.0.4/vendor/assets/javascripts
  C:/RailsInstaller/Ruby1.9.3/lib/ruby/gems/1.9.1/gems/coffee-rails-4.0.1/lib/assets/javascripts
  (in D:/Sites web/feedr/app/assets/stylesheets/_partial/login.sass:1)):
    3:   %head
    4:     %title Feedr - Your personal news feed !
    5:     %meta{:name => 'viewport', :content => 'width=device-width, initial-scale=1.0'}
    6:     = stylesheet_link_tag    "application", media: "all", "data-turbolinks-track" => true
    7:     = javascript_include_tag "application", "data-turbolinks-track" => true
    8:     = csrf_meta_tags
    9: 
  app/assets/stylesheets/_partial/login.sass:1
  app/views/layouts/devise.html.haml:6:in `_app_views_layouts_devise_html_haml___515453772_43214856'


  Rendered C:/RailsInstaller/Ruby1.9.3/lib/ruby/gems/1.9.1/gems/actionpack-4.0.0/lib/action_dispatch/middleware/templates/rescues/_trace.erb (4.0ms)
  Rendered C:/RailsInstaller/Ruby1.9.3/lib/ruby/gems/1.9.1/gems/actionpack-4.0.0/lib/action_dispatch/middleware/templates/rescues/_request_and_response.erb (3.0ms)
  Rendered C:/RailsInstaller/Ruby1.9.3/lib/ruby/gems/1.9.1/gems/actionpack-4.0.0/lib/action_dispatch/middleware/templates/rescues/template_error.erb within rescues/layout (167.0ms)


Started POST "/users/sign_in" for 127.0.0.1 at 2013-10-19 14:18:25 +0200
Processing by Devise::SessionsController#create as HTML
  Parameters: {"utf8"=>"✓", "authenticity_token"=>"vpfKEedmitsygwbbzeYn4lgYAshroDScOUyLVR0MKQ8=", "user"=>{"email"=>"", "password"=>"[FILTERED]", "remember_me"=>"0"}, "commit"=>"Sign in"}
Completed 401 Unauthorized in 5ms
Processing by Devise::SessionsController#new as HTML
  Parameters: {"utf8"=>"✓", "authenticity_token"=>"vpfKEedmitsygwbbzeYn4lgYAshroDScOUyLVR0MKQ8=", "user"=>{"email"=>"", "password"=>"[FILTERED]", "remember_me"=>"0"}, "commit"=>"Sign in"}
  Rendered devise/sessions/new.html.haml within layouts/devise (4.0ms)
Completed 500 Internal Server Error in 139ms

ActionView::Template::Error (File to import not found or unreadable: compass.
Load paths:
  D:/Sites web/feedr/app/assets/images
  D:/Sites web/feedr/app/assets/javascripts
  D:/Sites web/feedr/app/assets/stylesheets
  D:/Sites web/feedr/vendor/assets/javascripts
  D:/Sites web/feedr/vendor/assets/stylesheets
  C:/RailsInstaller/Ruby1.9.3/lib/ruby/gems/1.9.1/gems/turbolinks-1.3.0/lib/assets/javascripts
  C:/RailsInstaller/Ruby1.9.3/lib/ruby/gems/1.9.1/gems/jquery-rails-3.0.4/vendor/assets/javascripts
  C:/RailsInstaller/Ruby1.9.3/lib/ruby/gems/1.9.1/gems/coffee-rails-4.0.1/lib/assets/javascripts
  (in D:/Sites web/feedr/app/assets/stylesheets/_partial/login.sass:1)):
    3:   %head
    4:     %title Feedr - Your personal news feed !
    5:     %meta{:name => 'viewport', :content => 'width=device-width, initial-scale=1.0'}
    6:     = stylesheet_link_tag    "application", media: "all", "data-turbolinks-track" => true
    7:     = javascript_include_tag "application", "data-turbolinks-track" => true
    8:     = csrf_meta_tags
    9: 
  app/assets/stylesheets/_partial/login.sass:1
  app/views/layouts/devise.html.haml:6:in `_app_views_layouts_devise_html_haml___515453772_43214856'


  Rendered C:/RailsInstaller/Ruby1.9.3/lib/ruby/gems/1.9.1/gems/actionpack-4.0.0/lib/action_dispatch/middleware/templates/rescues/_trace.erb (4.0ms)
  Rendered C:/RailsInstaller/Ruby1.9.3/lib/ruby/gems/1.9.1/gems/actionpack-4.0.0/lib/action_dispatch/middleware/templates/rescues/_request_and_response.erb (3.0ms)
  Rendered C:/RailsInstaller/Ruby1.9.3/lib/ruby/gems/1.9.1/gems/actionpack-4.0.0/lib/action_dispatch/middleware/templates/rescues/template_error.erb within rescues/layout (484.0ms)


Started POST "/users/sign_in" for 127.0.0.1 at 2013-10-19 14:20:17 +0200
  [1m[36mActiveRecord::SchemaMigration Load (1.0ms)[0m  [1mSELECT `schema_migrations`.* FROM `schema_migrations`[0m
Processing by Devise::SessionsController#create as HTML
  Parameters: {"utf8"=>"✓", "authenticity_token"=>"vpfKEedmitsygwbbzeYn4lgYAshroDScOUyLVR0MKQ8=", "user"=>{"email"=>"", "password"=>"[FILTERED]", "remember_me"=>"0"}, "commit"=>"Sign in"}
Completed 401 Unauthorized in 144ms
Processing by Devise::SessionsController#new as HTML
  Parameters: {"utf8"=>"✓", "authenticity_token"=>"vpfKEedmitsygwbbzeYn4lgYAshroDScOUyLVR0MKQ8=", "user"=>{"email"=>"", "password"=>"[FILTERED]", "remember_me"=>"0"}, "commit"=>"Sign in"}
  Rendered devise/sessions/new.html.haml within layouts/devise (337.0ms)
Completed 200 OK in 5550ms (Views: 5415.3ms | ActiveRecord: 9.0ms)


Started GET "/assets/application.css?body=1" for 127.0.0.1 at 2013-10-19 14:20:23 +0200


Started GET "/assets/_partial/login.css?body=1" for 127.0.0.1 at 2013-10-19 14:20:23 +0200


Started GET "/assets/bootstrap-responsive.css?body=1" for 127.0.0.1 at 2013-10-19 14:20:23 +0200


Started GET "/assets/bootstrap.css?body=1" for 127.0.0.1 at 2013-10-19 14:20:23 +0200


Started GET "/assets/homes.css?body=1" for 127.0.0.1 at 2013-10-19 14:20:23 +0200


Started GET "/assets/jquery.js?body=1" for 127.0.0.1 at 2013-10-19 14:20:23 +0200


Started GET "/assets/jquery_ujs.js?body=1" for 127.0.0.1 at 2013-10-19 14:20:23 +0200


Started GET "/assets/turbolinks.js?body=1" for 127.0.0.1 at 2013-10-19 14:20:23 +0200


Started GET "/assets/bootstrap.js?body=1" for 127.0.0.1 at 2013-10-19 14:20:23 +0200


Started GET "/assets/bootstrap.min.js?body=1" for 127.0.0.1 at 2013-10-19 14:20:23 +0200


Started GET "/assets/homes.js?body=1" for 127.0.0.1 at 2013-10-19 14:20:23 +0200


Started GET "/assets/application.js?body=1" for 127.0.0.1 at 2013-10-19 14:20:23 +0200


Started POST "/users/sign_in" for 127.0.0.1 at 2013-10-19 14:21:42 +0200
Processing by Devise::SessionsController#create as HTML
  Parameters: {"utf8"=>"✓", "authenticity_token"=>"vpfKEedmitsygwbbzeYn4lgYAshroDScOUyLVR0MKQ8=", "user"=>{"email"=>"", "password"=>"[FILTERED]", "remember_me"=>"0"}, "commit"=>"Sign in"}
Completed 401 Unauthorized in 3ms
Processing by Devise::SessionsController#new as HTML
  Parameters: {"utf8"=>"✓", "authenticity_token"=>"vpfKEedmitsygwbbzeYn4lgYAshroDScOUyLVR0MKQ8=", "user"=>{"email"=>"", "password"=>"[FILTERED]", "remember_me"=>"0"}, "commit"=>"Sign in"}
  Rendered devise/sessions/new.html.haml within layouts/devise (2.0ms)
Completed 200 OK in 2523ms (Views: 2519.1ms | ActiveRecord: 0.0ms)


Started GET "/assets/bootstrap.css?body=1" for 127.0.0.1 at 2013-10-19 14:21:44 +0200


Started GET "/assets/application.css?body=1" for 127.0.0.1 at 2013-10-19 14:21:44 +0200


Started GET "/assets/bootstrap-responsive.css?body=1" for 127.0.0.1 at 2013-10-19 14:21:44 +0200


Started GET "/assets/_partial/login.css?body=1" for 127.0.0.1 at 2013-10-19 14:21:44 +0200


Started GET "/assets/jquery.js?body=1" for 127.0.0.1 at 2013-10-19 14:21:44 +0200


Started GET "/assets/jquery_ujs.js?body=1" for 127.0.0.1 at 2013-10-19 14:21:44 +0200


Started GET "/assets/turbolinks.js?body=1" for 127.0.0.1 at 2013-10-19 14:21:44 +0200


Started GET "/assets/bootstrap.js?body=1" for 127.0.0.1 at 2013-10-19 14:21:44 +0200


Started GET "/assets/bootstrap.min.js?body=1" for 127.0.0.1 at 2013-10-19 14:21:44 +0200


Started GET "/assets/homes.js?body=1" for 127.0.0.1 at 2013-10-19 14:21:44 +0200


Started GET "/assets/application.js?body=1" for 127.0.0.1 at 2013-10-19 14:21:44 +0200


Started POST "/users/sign_in" for 127.0.0.1 at 2013-10-19 14:23:14 +0200
Processing by Devise::SessionsController#create as HTML
  Parameters: {"utf8"=>"✓", "authenticity_token"=>"vpfKEedmitsygwbbzeYn4lgYAshroDScOUyLVR0MKQ8=", "user"=>{"email"=>"", "password"=>"[FILTERED]", "remember_me"=>"0"}, "commit"=>"Sign in"}
Completed 401 Unauthorized in 2ms
Processing by Devise::SessionsController#new as HTML
  Parameters: {"utf8"=>"✓", "authenticity_token"=>"vpfKEedmitsygwbbzeYn4lgYAshroDScOUyLVR0MKQ8=", "user"=>{"email"=>"", "password"=>"[FILTERED]", "remember_me"=>"0"}, "commit"=>"Sign in"}
  Rendered devise/sessions/new.html.haml within layouts/devise (5.0ms)
Completed 200 OK in 26ms (Views: 24.0ms | ActiveRecord: 0.0ms)


Started GET "/assets/application.css?body=1" for 127.0.0.1 at 2013-10-19 14:23:14 +0200


Started GET "/assets/bootstrap.css?body=1" for 127.0.0.1 at 2013-10-19 14:23:14 +0200


Started GET "/assets/bootstrap-responsive.css?body=1" for 127.0.0.1 at 2013-10-19 14:23:14 +0200


Started GET "/assets/jquery.js?body=1" for 127.0.0.1 at 2013-10-19 14:23:14 +0200


Started GET "/assets/_partial/login.css?body=1" for 127.0.0.1 at 2013-10-19 14:23:14 +0200


Started GET "/assets/jquery_ujs.js?body=1" for 127.0.0.1 at 2013-10-19 14:23:14 +0200


Started GET "/assets/turbolinks.js?body=1" for 127.0.0.1 at 2013-10-19 14:23:14 +0200


Started GET "/assets/bootstrap.js?body=1" for 127.0.0.1 at 2013-10-19 14:23:14 +0200


Started GET "/assets/bootstrap.min.js?body=1" for 127.0.0.1 at 2013-10-19 14:23:14 +0200


Started GET "/assets/homes.js?body=1" for 127.0.0.1 at 2013-10-19 14:23:14 +0200


Started GET "/assets/application.js?body=1" for 127.0.0.1 at 2013-10-19 14:23:14 +0200


Started POST "/users/sign_in" for 127.0.0.1 at 2013-10-19 14:23:53 +0200
Processing by Devise::SessionsController#create as HTML
  Parameters: {"utf8"=>"✓", "authenticity_token"=>"vpfKEedmitsygwbbzeYn4lgYAshroDScOUyLVR0MKQ8=", "user"=>{"email"=>"", "password"=>"[FILTERED]", "remember_me"=>"0"}, "commit"=>"Sign in"}
Completed 401 Unauthorized in 2ms
Processing by Devise::SessionsController#new as HTML
  Parameters: {"utf8"=>"✓", "authenticity_token"=>"vpfKEedmitsygwbbzeYn4lgYAshroDScOUyLVR0MKQ8=", "user"=>{"email"=>"", "password"=>"[FILTERED]", "remember_me"=>"0"}, "commit"=>"Sign in"}
  Rendered devise/sessions/new.html.haml within layouts/devise (2.0ms)
Completed 200 OK in 26ms (Views: 24.0ms | ActiveRecord: 0.0ms)


Started GET "/assets/bootstrap.css?body=1" for 127.0.0.1 at 2013-10-19 14:23:53 +0200


Started GET "/assets/application.css?body=1" for 127.0.0.1 at 2013-10-19 14:23:53 +0200


Started GET "/assets/bootstrap-responsive.css?body=1" for 127.0.0.1 at 2013-10-19 14:23:53 +0200


Started GET "/assets/_partial/login.css?body=1" for 127.0.0.1 at 2013-10-19 14:23:53 +0200


Started GET "/assets/jquery.js?body=1" for 127.0.0.1 at 2013-10-19 14:23:53 +0200


Started GET "/assets/jquery_ujs.js?body=1" for 127.0.0.1 at 2013-10-19 14:23:53 +0200


Started GET "/assets/turbolinks.js?body=1" for 127.0.0.1 at 2013-10-19 14:23:53 +0200


Started GET "/assets/bootstrap.js?body=1" for 127.0.0.1 at 2013-10-19 14:23:53 +0200


Started GET "/assets/bootstrap.min.js?body=1" for 127.0.0.1 at 2013-10-19 14:23:53 +0200


Started GET "/assets/homes.js?body=1" for 127.0.0.1 at 2013-10-19 14:23:53 +0200


Started GET "/assets/application.js?body=1" for 127.0.0.1 at 2013-10-19 14:23:53 +0200


Started POST "/users/sign_in" for 127.0.0.1 at 2013-10-19 14:26:23 +0200
Processing by Devise::SessionsController#create as HTML
  Parameters: {"utf8"=>"✓", "authenticity_token"=>"vpfKEedmitsygwbbzeYn4lgYAshroDScOUyLVR0MKQ8=", "user"=>{"email"=>"", "password"=>"[FILTERED]", "remember_me"=>"0"}, "commit"=>"Sign in"}
Completed 401 Unauthorized in 3ms
Processing by Devise::SessionsController#new as HTML
  Parameters: {"utf8"=>"✓", "authenticity_token"=>"vpfKEedmitsygwbbzeYn4lgYAshroDScOUyLVR0MKQ8=", "user"=>{"email"=>"", "password"=>"[FILTERED]", "remember_me"=>"0"}, "commit"=>"Sign in"}
  Rendered devise/sessions/new.html.haml within layouts/devise (223.0ms)
Completed 500 Internal Server Error in 236ms

ActionView::Template::Error (undefined local variable or method `error' for #<#<Class:0x4c1b458>:0x4a461c8>):
    3:   -unless notice.blank?
    4:     %p.notice
    5:       =notice
    6:   -unless error.blank?
    7:     %p.error
    8:       =error
    9: 
  app/views/devise/sessions/new.html.haml:6:in `block in _app_views_devise_sessions_new_html_haml___194048775_39020664'
  app/views/devise/sessions/new.html.haml:1:in `_app_views_devise_sessions_new_html_haml___194048775_39020664'


  Rendered C:/RailsInstaller/Ruby1.9.3/lib/ruby/gems/1.9.1/gems/actionpack-4.0.0/lib/action_dispatch/middleware/templates/rescues/_trace.erb (2.0ms)
  Rendered C:/RailsInstaller/Ruby1.9.3/lib/ruby/gems/1.9.1/gems/actionpack-4.0.0/lib/action_dispatch/middleware/templates/rescues/_request_and_response.erb (1.0ms)
  Rendered C:/RailsInstaller/Ruby1.9.3/lib/ruby/gems/1.9.1/gems/actionpack-4.0.0/lib/action_dispatch/middleware/templates/rescues/template_error.erb within rescues/layout (90.0ms)


Started POST "/users/sign_in" for 127.0.0.1 at 2013-10-19 14:26:38 +0200
Processing by Devise::SessionsController#create as HTML
  Parameters: {"utf8"=>"✓", "authenticity_token"=>"vpfKEedmitsygwbbzeYn4lgYAshroDScOUyLVR0MKQ8=", "user"=>{"email"=>"", "password"=>"[FILTERED]", "remember_me"=>"0"}, "commit"=>"Sign in"}
Completed 401 Unauthorized in 3ms
Processing by Devise::SessionsController#new as HTML
  Parameters: {"utf8"=>"✓", "authenticity_token"=>"vpfKEedmitsygwbbzeYn4lgYAshroDScOUyLVR0MKQ8=", "user"=>{"email"=>"", "password"=>"[FILTERED]", "remember_me"=>"0"}, "commit"=>"Sign in"}
  Rendered devise/sessions/new.html.haml within layouts/devise (6.0ms)
Completed 200 OK in 25ms (Views: 23.0ms | ActiveRecord: 0.0ms)


Started GET "/assets/application.css?body=1" for 127.0.0.1 at 2013-10-19 14:26:38 +0200


Started GET "/assets/bootstrap-responsive.css?body=1" for 127.0.0.1 at 2013-10-19 14:26:38 +0200


Started GET "/assets/bootstrap.css?body=1" for 127.0.0.1 at 2013-10-19 14:26:38 +0200


Started GET "/assets/_partial/login.css?body=1" for 127.0.0.1 at 2013-10-19 14:26:38 +0200


Started GET "/assets/jquery.js?body=1" for 127.0.0.1 at 2013-10-19 14:26:38 +0200


Started GET "/assets/jquery_ujs.js?body=1" for 127.0.0.1 at 2013-10-19 14:26:38 +0200


Started GET "/assets/turbolinks.js?body=1" for 127.0.0.1 at 2013-10-19 14:26:38 +0200


Started GET "/assets/bootstrap.js?body=1" for 127.0.0.1 at 2013-10-19 14:26:38 +0200


Started GET "/assets/bootstrap.min.js?body=1" for 127.0.0.1 at 2013-10-19 14:26:38 +0200


Started GET "/assets/homes.js?body=1" for 127.0.0.1 at 2013-10-19 14:26:39 +0200


Started GET "/assets/application.js?body=1" for 127.0.0.1 at 2013-10-19 14:26:39 +0200


Started POST "/users/sign_in" for 127.0.0.1 at 2013-10-19 14:26:41 +0200
Processing by Devise::SessionsController#create as HTML
  Parameters: {"utf8"=>"✓", "authenticity_token"=>"vpfKEedmitsygwbbzeYn4lgYAshroDScOUyLVR0MKQ8=", "user"=>{"email"=>"", "password"=>"[FILTERED]", "remember_me"=>"0"}, "commit"=>"Sign in"}
Completed 401 Unauthorized in 2ms
Processing by Devise::SessionsController#new as HTML
  Parameters: {"utf8"=>"✓", "authenticity_token"=>"vpfKEedmitsygwbbzeYn4lgYAshroDScOUyLVR0MKQ8=", "user"=>{"email"=>"", "password"=>"[FILTERED]", "remember_me"=>"0"}, "commit"=>"Sign in"}
  Rendered devise/sessions/new.html.haml within layouts/devise (4.0ms)
Completed 200 OK in 28ms (Views: 25.0ms | ActiveRecord: 0.0ms)


Started GET "/assets/bootstrap.css?body=1" for 127.0.0.1 at 2013-10-19 14:26:41 +0200


Started GET "/assets/application.css?body=1" for 127.0.0.1 at 2013-10-19 14:26:41 +0200


Started GET "/assets/bootstrap-responsive.css?body=1" for 127.0.0.1 at 2013-10-19 14:26:41 +0200


Started GET "/assets/_partial/login.css?body=1" for 127.0.0.1 at 2013-10-19 14:26:41 +0200


Started GET "/assets/jquery.js?body=1" for 127.0.0.1 at 2013-10-19 14:26:41 +0200


Started GET "/assets/jquery_ujs.js?body=1" for 127.0.0.1 at 2013-10-19 14:26:41 +0200


Started GET "/assets/turbolinks.js?body=1" for 127.0.0.1 at 2013-10-19 14:26:41 +0200


Started GET "/assets/bootstrap.js?body=1" for 127.0.0.1 at 2013-10-19 14:26:41 +0200


Started GET "/assets/bootstrap.min.js?body=1" for 127.0.0.1 at 2013-10-19 14:26:41 +0200


Started GET "/assets/homes.js?body=1" for 127.0.0.1 at 2013-10-19 14:26:41 +0200


Started GET "/assets/application.js?body=1" for 127.0.0.1 at 2013-10-19 14:26:41 +0200


Started POST "/users/sign_in" for 127.0.0.1 at 2013-10-19 14:29:52 +0200
Processing by Devise::SessionsController#create as HTML
  Parameters: {"utf8"=>"✓", "authenticity_token"=>"vpfKEedmitsygwbbzeYn4lgYAshroDScOUyLVR0MKQ8=", "user"=>{"email"=>"", "password"=>"[FILTERED]", "remember_me"=>"0"}, "commit"=>"Sign in"}
Completed 401 Unauthorized in 16ms
Processing by Devise::SessionsController#new as HTML
  Parameters: {"utf8"=>"✓", "authenticity_token"=>"vpfKEedmitsygwbbzeYn4lgYAshroDScOUyLVR0MKQ8=", "user"=>{"email"=>"", "password"=>"[FILTERED]", "remember_me"=>"0"}, "commit"=>"Sign in"}
ERROR: compiling _app_views_devise_sessions_new_html_haml___194048775_40301280 RAISED D:/Sites web/feedr/app/views/devise/sessions/new.html.haml:23: syntax error, unexpected keyword_ensure, expecting keyword_end
...:Util.html_safe(_erbout);ensure;@haml_buffer = @haml_buffer....
...                               ^
D:/Sites web/feedr/app/views/devise/sessions/new.html.haml:26: syntax error, unexpected $end, expecting keyword_end
Function body:           def _app_views_devise_sessions_new_html_haml___194048775_40301280(local_assigns, output_buffer)
            _old_virtual_path, @virtual_path = @virtual_path, "devise/sessions/new";_old_output_buffer = @output_buffer;;begin;extend Haml::Helpers;_hamlout = @haml_buffer = Haml::Buffer.new(haml_buffer, {:autoclose=>["meta", "img", "link", "br", "hr", "input", "area", "param", "col", "base"], :preserve=>["textarea", "pre", "code"], :attr_wrapper=>"'", :ugly=>false, :format=>:html5, :encoding=>"UTF-8", :escape_html=>true, :escape_attrs=>true, :hyphenate_data_attrs=>true, :cdata=>false});_erbout = _hamlout.buffer;@output_buffer = output_buffer ||= ActionView::OutputBuffer.new rescue nil;;haml_temp =  form_for(resource, :as => resource_name, :url => session_path(resource_name), :html => {:class=>'form-signin'}) do |f|
_hamlout.push_text("<h2 class='form-signin-heading'>Please sign in</h2>\n", 0, false);
unless notice.blank?
notice.each do |n|
_hamlout.push_text("<div class='alert'>\n  <button class='close' data-dismiss='alert'>&times;</button>\n  #{_hamlout.adjust_tabs(1); 

_hamlout.format_script_false_false_false_true_false_true_false((n
));}\n</div>\n", -1, false);end;end;unless alert.blank?
alert.each do |a|
_hamlout.push_text("<div class='alert alert-error'>\n  <button class='close' data-dismiss='alert'>&times;</button>\n  #{_hamlout.adjust_tabs(1); 

_hamlout.format_script_false_false_false_true_false_true_false((a
));}\n</div>\n", -1, false);end;_hamlout.push_text("#{
_hamlout.format_script_false_false_false_true_false_true_false(( f.email_field :email, :autofocus => true, :placeholder => 'Email address', :class=>'input-block-level'
));}\n#{_hamlout.format_script_false_false_false_true_false_true_false(( f.password_field :password, :placeholder => 'Password', :class => 'input-block-level'
));}\n", 0, false);
 if devise_mapping.rememberable?
_hamlout.push_text("<label class='checkbox'>\n  #{_hamlout.adjust_tabs(1); 
_hamlout.format_script_false_false_false_true_false_true_false(( f.check_box :remember_me
));}\n  Remember me\n</label>\n", -1, false);end;_hamlout.push_text("#{

_hamlout.format_script_false_false_false_true_false_true_false(( f.submit "Sign in", :class => 'btn btn-large btn-primary'
));}\n", 0, false);end;_hamlout.buffer << _hamlout.format_script_false_false_false_true_false_false_false(haml_temp);_hamlout.push_text("\n", 0, false);::Haml::Util.html_safe(_erbout);ensure;@haml_buffer = @haml_buffer.upper if @haml_buffer;end;
          ensure
            @virtual_path, @output_buffer = _old_virtual_path, _old_output_buffer
          end

Backtrace: C:/RailsInstaller/Ruby1.9.3/lib/ruby/gems/1.9.1/gems/actionpack-4.0.0/lib/action_view/template.rb:299:in `module_eval'
C:/RailsInstaller/Ruby1.9.3/lib/ruby/gems/1.9.1/gems/actionpack-4.0.0/lib/action_view/template.rb:299:in `compile'
C:/RailsInstaller/Ruby1.9.3/lib/ruby/gems/1.9.1/gems/actionpack-4.0.0/lib/action_view/template.rb:248:in `block in compile!'
<internal:prelude>:10:in `synchronize'
C:/RailsInstaller/Ruby1.9.3/lib/ruby/gems/1.9.1/gems/actionpack-4.0.0/lib/action_view/template.rb:236:in `compile!'
C:/RailsInstaller/Ruby1.9.3/lib/ruby/gems/1.9.1/gems/actionpack-4.0.0/lib/action_view/template.rb:142:in `block in render'
C:/RailsInstaller/Ruby1.9.3/lib/ruby/gems/1.9.1/gems/activesupport-4.0.0/lib/active_support/notifications.rb:161:in `instrument'
C:/RailsInstaller/Ruby1.9.3/lib/ruby/gems/1.9.1/gems/actionpack-4.0.0/lib/action_view/template.rb:141:in `render'
C:/RailsInstaller/Ruby1.9.3/lib/ruby/gems/1.9.1/gems/actionpack-4.0.0/lib/action_view/renderer/template_renderer.rb:49:in `block (2 levels) in render_template'
C:/RailsInstaller/Ruby1.9.3/lib/ruby/gems/1.9.1/gems/actionpack-4.0.0/lib/action_view/renderer/abstract_renderer.rb:38:in `block in instrument'
C:/RailsInstaller/Ruby1.9.3/lib/ruby/gems/1.9.1/gems/activesupport-4.0.0/lib/active_support/notifications.rb:159:in `block in instrument'
C:/RailsInstaller/Ruby1.9.3/lib/ruby/gems/1.9.1/gems/activesupport-4.0.0/lib/active_support/notifications/instrumenter.rb:20:in `instrument'
C:/RailsInstaller/Ruby1.9.3/lib/ruby/gems/1.9.1/gems/activesupport-4.0.0/lib/active_support/notifications.rb:159:in `instrument'
C:/RailsInstaller/Ruby1.9.3/lib/ruby/gems/1.9.1/gems/actionpack-4.0.0/lib/action_view/renderer/abstract_renderer.rb:38:in `instrument'
C:/RailsInstaller/Ruby1.9.3/lib/ruby/gems/1.9.1/gems/actionpack-4.0.0/lib/action_view/renderer/template_renderer.rb:48:in `block in render_template'
C:/RailsInstaller/Ruby1.9.3/lib/ruby/gems/1.9.1/gems/actionpack-4.0.0/lib/action_view/renderer/template_renderer.rb:56:in `render_with_layout'
C:/RailsInstaller/Ruby1.9.3/lib/ruby/gems/1.9.1/gems/actionpack-4.0.0/lib/action_view/renderer/template_renderer.rb:47:in `render_template'
C:/RailsInstaller/Ruby1.9.3/lib/ruby/gems/1.9.1/gems/actionpack-4.0.0/lib/action_view/renderer/template_renderer.rb:17:in `render'
C:/RailsInstaller/Ruby1.9.3/lib/ruby/gems/1.9.1/gems/actionpack-4.0.0/lib/action_view/renderer/renderer.rb:42:in `render_template'
C:/RailsInstaller/Ruby1.9.3/lib/ruby/gems/1.9.1/gems/actionpack-4.0.0/lib/action_view/renderer/renderer.rb:23:in `render'
C:/RailsInstaller/Ruby1.9.3/lib/ruby/gems/1.9.1/gems/actionpack-4.0.0/lib/abstract_controller/rendering.rb:127:in `_render_template'
C:/RailsInstaller/Ruby1.9.3/lib/ruby/gems/1.9.1/gems/actionpack-4.0.0/lib/action_controller/metal/streaming.rb:219:in `_render_template'
C:/RailsInstaller/Ruby1.9.3/lib/ruby/gems/1.9.1/gems/actionpack-4.0.0/lib/abstract_controller/rendering.rb:120:in `render_to_body'
C:/RailsInstaller/Ruby1.9.3/lib/ruby/gems/1.9.1/gems/actionpack-4.0.0/lib/action_controller/metal/rendering.rb:33:in `render_to_body'
C:/RailsInstaller/Ruby1.9.3/lib/ruby/gems/1.9.1/gems/actionpack-4.0.0/lib/action_controller/metal/renderers.rb:26:in `render_to_body'
C:/RailsInstaller/Ruby1.9.3/lib/ruby/gems/1.9.1/gems/actionpack-4.0.0/lib/abstract_controller/rendering.rb:97:in `render'
C:/RailsInstaller/Ruby1.9.3/lib/ruby/gems/1.9.1/gems/actionpack-4.0.0/lib/action_controller/metal/rendering.rb:16:in `render'
C:/RailsInstaller/Ruby1.9.3/lib/ruby/gems/1.9.1/gems/actionpack-4.0.0/lib/action_controller/metal/instrumentation.rb:41:in `block (2 levels) in render'
C:/RailsInstaller/Ruby1.9.3/lib/ruby/gems/1.9.1/gems/activesupport-4.0.0/lib/active_support/core_ext/benchmark.rb:12:in `block in ms'
C:/RailsInstaller/Ruby1.9.3/lib/ruby/1.9.1/benchmark.rb:295:in `realtime'
C:/RailsInstaller/Ruby1.9.3/lib/ruby/gems/1.9.1/gems/activesupport-4.0.0/lib/active_support/core_ext/benchmark.rb:12:in `ms'
C:/RailsInstaller/Ruby1.9.3/lib/ruby/gems/1.9.1/gems/actionpack-4.0.0/lib/action_controller/metal/instrumentation.rb:41:in `block in render'
C:/RailsInstaller/Ruby1.9.3/lib/ruby/gems/1.9.1/gems/actionpack-4.0.0/lib/action_controller/metal/instrumentation.rb:84:in `cleanup_view_runtime'
C:/RailsInstaller/Ruby1.9.3/lib/ruby/gems/1.9.1/gems/activerecord-4.0.0/lib/active_record/railties/controller_runtime.rb:25:in `cleanup_view_runtime'
C:/RailsInstaller/Ruby1.9.3/lib/ruby/gems/1.9.1/gems/actionpack-4.0.0/lib/action_controller/metal/instrumentation.rb:40:in `render'
C:/RailsInstaller/Ruby1.9.3/lib/ruby/gems/1.9.1/gems/actionpack-4.0.0/lib/action_controller/metal/implicit_render.rb:10:in `default_render'
C:/RailsInstaller/Ruby1.9.3/lib/ruby/gems/1.9.1/gems/actionpack-4.0.0/lib/action_controller/metal/responder.rb:233:in `default_render'
C:/RailsInstaller/Ruby1.9.3/lib/ruby/gems/1.9.1/gems/actionpack-4.0.0/lib/action_controller/metal/responder.rb:161:in `to_html'
C:/RailsInstaller/Ruby1.9.3/lib/ruby/gems/1.9.1/gems/actionpack-4.0.0/lib/action_controller/metal/responder.rb:154:in `respond'
C:/RailsInstaller/Ruby1.9.3/lib/ruby/gems/1.9.1/gems/actionpack-4.0.0/lib/action_controller/metal/responder.rb:147:in `call'
C:/RailsInstaller/Ruby1.9.3/lib/ruby/gems/1.9.1/gems/actionpack-4.0.0/lib/action_controller/metal/mime_responds.rb:330:in `respond_with'
C:/RailsInstaller/Ruby1.9.3/lib/ruby/gems/1.9.1/gems/devise-3.1.1/app/controllers/devise/sessions_controller.rb:10:in `new'
C:/RailsInstaller/Ruby1.9.3/lib/ruby/gems/1.9.1/gems/actionpack-4.0.0/lib/action_controller/metal/implicit_render.rb:4:in `send_action'
C:/RailsInstaller/Ruby1.9.3/lib/ruby/gems/1.9.1/gems/actionpack-4.0.0/lib/abstract_controller/base.rb:189:in `process_action'
C:/RailsInstaller/Ruby1.9.3/lib/ruby/gems/1.9.1/gems/actionpack-4.0.0/lib/action_controller/metal/rendering.rb:10:in `process_action'
C:/RailsInstaller/Ruby1.9.3/lib/ruby/gems/1.9.1/gems/actionpack-4.0.0/lib/abstract_controller/callbacks.rb:18:in `block in process_action'
C:/RailsInstaller/Ruby1.9.3/lib/ruby/gems/1.9.1/gems/activesupport-4.0.0/lib/active_support/callbacks.rb:453:in `_run__805569293__process_action__callbacks'
C:/RailsInstaller/Ruby1.9.3/lib/ruby/gems/1.9.1/gems/activesupport-4.0.0/lib/active_support/callbacks.rb:80:in `run_callbacks'
C:/RailsInstaller/Ruby1.9.3/lib/ruby/gems/1.9.1/gems/actionpack-4.0.0/lib/abstract_controller/callbacks.rb:17:in `process_action'
C:/RailsInstaller/Ruby1.9.3/lib/ruby/gems/1.9.1/gems/actionpack-4.0.0/lib/action_controller/metal/rescue.rb:29:in `process_action'
C:/RailsInstaller/Ruby1.9.3/lib/ruby/gems/1.9.1/gems/actionpack-4.0.0/lib/action_controller/metal/instrumentation.rb:31:in `block in process_action'
C:/RailsInstaller/Ruby1.9.3/lib/ruby/gems/1.9.1/gems/activesupport-4.0.0/lib/active_support/notifications.rb:159:in `block in instrument'
C:/RailsInstaller/Ruby1.9.3/lib/ruby/gems/1.9.1/gems/activesupport-4.0.0/lib/active_support/notifications/instrumenter.rb:20:in `instrument'
C:/RailsInstaller/Ruby1.9.3/lib/ruby/gems/1.9.1/gems/activesupport-4.0.0/lib/active_support/notifications.rb:159:in `instrument'
C:/RailsInstaller/Ruby1.9.3/lib/ruby/gems/1.9.1/gems/actionpack-4.0.0/lib/action_controller/metal/instrumentation.rb:30:in `process_action'
C:/RailsInstaller/Ruby1.9.3/lib/ruby/gems/1.9.1/gems/actionpack-4.0.0/lib/action_controller/metal/params_wrapper.rb:245:in `process_action'
C:/RailsInstaller/Ruby1.9.3/lib/ruby/gems/1.9.1/gems/activerecord-4.0.0/lib/active_record/railties/controller_runtime.rb:18:in `process_action'
C:/RailsInstaller/Ruby1.9.3/lib/ruby/gems/1.9.1/gems/actionpack-4.0.0/lib/abstract_controller/base.rb:136:in `process'
C:/RailsInstaller/Ruby1.9.3/lib/ruby/gems/1.9.1/gems/actionpack-4.0.0/lib/abstract_controller/rendering.rb:44:in `process'
C:/RailsInstaller/Ruby1.9.3/lib/ruby/gems/1.9.1/gems/actionpack-4.0.0/lib/action_controller/metal.rb:195:in `dispatch'
C:/RailsInstaller/Ruby1.9.3/lib/ruby/gems/1.9.1/gems/actionpack-4.0.0/lib/action_controller/metal/rack_delegation.rb:13:in `dispatch'
C:/RailsInstaller/Ruby1.9.3/lib/ruby/gems/1.9.1/gems/actionpack-4.0.0/lib/action_controller/metal.rb:231:in `block in action'
C:/RailsInstaller/Ruby1.9.3/lib/ruby/gems/1.9.1/gems/devise-3.1.1/lib/devise/failure_app.rb:51:in `call'
C:/RailsInstaller/Ruby1.9.3/lib/ruby/gems/1.9.1/gems/devise-3.1.1/lib/devise/failure_app.rb:51:in `recall'
C:/RailsInstaller/Ruby1.9.3/lib/ruby/gems/1.9.1/gems/devise-3.1.1/lib/devise/failure_app.rb:35:in `respond'
C:/RailsInstaller/Ruby1.9.3/lib/ruby/gems/1.9.1/gems/actionpack-4.0.0/lib/abstract_controller/base.rb:189:in `process_action'
C:/RailsInstaller/Ruby1.9.3/lib/ruby/gems/1.9.1/gems/actionpack-4.0.0/lib/abstract_controller/base.rb:136:in `process'
C:/RailsInstaller/Ruby1.9.3/lib/ruby/gems/1.9.1/gems/actionpack-4.0.0/lib/action_controller/metal.rb:195:in `dispatch'
C:/RailsInstaller/Ruby1.9.3/lib/ruby/gems/1.9.1/gems/actionpack-4.0.0/lib/action_controller/metal/rack_delegation.rb:13:in `dispatch'
C:/RailsInstaller/Ruby1.9.3/lib/ruby/gems/1.9.1/gems/actionpack-4.0.0/lib/action_controller/metal.rb:231:in `block in action'
C:/RailsInstaller/Ruby1.9.3/lib/ruby/gems/1.9.1/gems/devise-3.1.1/lib/devise/failure_app.rb:20:in `call'
C:/RailsInstaller/Ruby1.9.3/lib/ruby/gems/1.9.1/gems/devise-3.1.1/lib/devise/failure_app.rb:20:in `call'
C:/RailsInstaller/Ruby1.9.3/lib/ruby/gems/1.9.1/gems/devise-3.1.1/lib/devise/delegator.rb:5:in `call'
C:/RailsInstaller/Ruby1.9.3/lib/ruby/gems/1.9.1/gems/warden-1.2.3/lib/warden/manager.rb:130:in `call_failure_app'
C:/RailsInstaller/Ruby1.9.3/lib/ruby/gems/1.9.1/gems/warden-1.2.3/lib/warden/manager.rb:116:in `process_unauthenticated'
C:/RailsInstaller/Ruby1.9.3/lib/ruby/gems/1.9.1/gems/warden-1.2.3/lib/warden/manager.rb:47:in `call'
C:/RailsInstaller/Ruby1.9.3/lib/ruby/gems/1.9.1/gems/rack-1.5.2/lib/rack/etag.rb:23:in `call'
C:/RailsInstaller/Ruby1.9.3/lib/ruby/gems/1.9.1/gems/rack-1.5.2/lib/rack/conditionalget.rb:35:in `call'
C:/RailsInstaller/Ruby1.9.3/lib/ruby/gems/1.9.1/gems/rack-1.5.2/lib/rack/head.rb:11:in `call'
C:/RailsInstaller/Ruby1.9.3/lib/ruby/gems/1.9.1/gems/actionpack-4.0.0/lib/action_dispatch/middleware/params_parser.rb:27:in `call'
C:/RailsInstaller/Ruby1.9.3/lib/ruby/gems/1.9.1/gems/actionpack-4.0.0/lib/action_dispatch/middleware/flash.rb:241:in `call'
C:/RailsInstaller/Ruby1.9.3/lib/ruby/gems/1.9.1/gems/rack-1.5.2/lib/rack/session/abstract/id.rb:225:in `context'
C:/RailsInstaller/Ruby1.9.3/lib/ruby/gems/1.9.1/gems/rack-1.5.2/lib/rack/session/abstract/id.rb:220:in `call'
C:/RailsInstaller/Ruby1.9.3/lib/ruby/gems/1.9.1/gems/actionpack-4.0.0/lib/action_dispatch/middleware/cookies.rb:486:in `call'
C:/RailsInstaller/Ruby1.9.3/lib/ruby/gems/1.9.1/gems/activerecord-4.0.0/lib/active_record/query_cache.rb:36:in `call'
C:/RailsInstaller/Ruby1.9.3/lib/ruby/gems/1.9.1/gems/activerecord-4.0.0/lib/active_record/connection_adapters/abstract/connection_pool.rb:626:in `call'
C:/RailsInstaller/Ruby1.9.3/lib/ruby/gems/1.9.1/gems/activerecord-4.0.0/lib/active_record/migration.rb:369:in `call'
C:/RailsInstaller/Ruby1.9.3/lib/ruby/gems/1.9.1/gems/actionpack-4.0.0/lib/action_dispatch/middleware/callbacks.rb:29:in `block in call'
C:/RailsInstaller/Ruby1.9.3/lib/ruby/gems/1.9.1/gems/activesupport-4.0.0/lib/active_support/callbacks.rb:373:in `_run__474080121__call__callbacks'
C:/RailsInstaller/Ruby1.9.3/lib/ruby/gems/1.9.1/gems/activesupport-4.0.0/lib/active_support/callbacks.rb:80:in `run_callbacks'
C:/RailsInstaller/Ruby1.9.3/lib/ruby/gems/1.9.1/gems/actionpack-4.0.0/lib/action_dispatch/middleware/callbacks.rb:27:in `call'
C:/RailsInstaller/Ruby1.9.3/lib/ruby/gems/1.9.1/gems/actionpack-4.0.0/lib/action_dispatch/middleware/reloader.rb:64:in `call'
C:/RailsInstaller/Ruby1.9.3/lib/ruby/gems/1.9.1/gems/actionpack-4.0.0/lib/action_dispatch/middleware/remote_ip.rb:76:in `call'
C:/RailsInstaller/Ruby1.9.3/lib/ruby/gems/1.9.1/gems/actionpack-4.0.0/lib/action_dispatch/middleware/debug_exceptions.rb:17:in `call'
C:/RailsInstaller/Ruby1.9.3/lib/ruby/gems/1.9.1/gems/actionpack-4.0.0/lib/action_dispatch/middleware/show_exceptions.rb:30:in `call'
C:/RailsInstaller/Ruby1.9.3/lib/ruby/gems/1.9.1/gems/railties-4.0.0/lib/rails/rack/logger.rb:38:in `call_app'
C:/RailsInstaller/Ruby1.9.3/lib/ruby/gems/1.9.1/gems/railties-4.0.0/lib/rails/rack/logger.rb:21:in `block in call'
C:/RailsInstaller/Ruby1.9.3/lib/ruby/gems/1.9.1/gems/activesupport-4.0.0/lib/active_support/tagged_logging.rb:67:in `block in tagged'
C:/RailsInstaller/Ruby1.9.3/lib/ruby/gems/1.9.1/gems/activesupport-4.0.0/lib/active_support/tagged_logging.rb:25:in `tagged'
C:/RailsInstaller/Ruby1.9.3/lib/ruby/gems/1.9.1/gems/activesupport-4.0.0/lib/active_support/tagged_logging.rb:67:in `tagged'
C:/RailsInstaller/Ruby1.9.3/lib/ruby/gems/1.9.1/gems/railties-4.0.0/lib/rails/rack/logger.rb:21:in `call'
C:/RailsInstaller/Ruby1.9.3/lib/ruby/gems/1.9.1/gems/actionpack-4.0.0/lib/action_dispatch/middleware/request_id.rb:21:in `call'
C:/RailsInstaller/Ruby1.9.3/lib/ruby/gems/1.9.1/gems/rack-1.5.2/lib/rack/methodoverride.rb:21:in `call'
C:/RailsInstaller/Ruby1.9.3/lib/ruby/gems/1.9.1/gems/rack-1.5.2/lib/rack/runtime.rb:17:in `call'
C:/RailsInstaller/Ruby1.9.3/lib/ruby/gems/1.9.1/gems/activesupport-4.0.0/lib/active_support/cache/strategy/local_cache.rb:83:in `call'
C:/RailsInstaller/Ruby1.9.3/lib/ruby/gems/1.9.1/gems/rack-1.5.2/lib/rack/lock.rb:17:in `call'
C:/RailsInstaller/Ruby1.9.3/lib/ruby/gems/1.9.1/gems/actionpack-4.0.0/lib/action_dispatch/middleware/static.rb:64:in `call'
C:/RailsInstaller/Ruby1.9.3/lib/ruby/gems/1.9.1/gems/railties-4.0.0/lib/rails/engine.rb:511:in `call'
C:/RailsInstaller/Ruby1.9.3/lib/ruby/gems/1.9.1/gems/railties-4.0.0/lib/rails/application.rb:97:in `call'
C:/RailsInstaller/Ruby1.9.3/lib/ruby/gems/1.9.1/gems/rack-1.5.2/lib/rack/lock.rb:17:in `call'
C:/RailsInstaller/Ruby1.9.3/lib/ruby/gems/1.9.1/gems/rack-1.5.2/lib/rack/content_length.rb:14:in `call'
C:/RailsInstaller/Ruby1.9.3/lib/ruby/gems/1.9.1/gems/rack-1.5.2/lib/rack/handler/webrick.rb:60:in `service'
C:/RailsInstaller/Ruby1.9.3/lib/ruby/1.9.1/webrick/httpserver.rb:138:in `service'
C:/RailsInstaller/Ruby1.9.3/lib/ruby/1.9.1/webrick/httpserver.rb:94:in `run'
C:/RailsInstaller/Ruby1.9.3/lib/ruby/1.9.1/webrick/server.rb:191:in `block in start_thread'
  Rendered devise/sessions/new.html.haml within layouts/devise (11.0ms)
Completed 500 Internal Server Error in 24ms

ActionView::Template::Error (D:/Sites web/feedr/app/views/devise/sessions/new.html.haml:23: syntax error, unexpected keyword_ensure, expecting keyword_end
...:Util.html_safe(_erbout);ensure;@haml_buffer = @haml_buffer....
...                               ^
D:/Sites web/feedr/app/views/devise/sessions/new.html.haml:26: syntax error, unexpected $end, expecting keyword_end):
    20:       Remember me
    21: 
    22:   = f.submit "Sign in", :class => 'btn btn-large btn-primary'
  actionpack (4.0.0) lib/action_view/template.rb:299:in `module_eval'
  actionpack (4.0.0) lib/action_view/template.rb:299:in `compile'
  actionpack (4.0.0) lib/action_view/template.rb:248:in `block in compile!'
  <internal:prelude>:10:in `synchronize'
  actionpack (4.0.0) lib/action_view/template.rb:236:in `compile!'
  actionpack (4.0.0) lib/action_view/template.rb:142:in `block in render'
  activesupport (4.0.0) lib/active_support/notifications.rb:161:in `instrument'
  actionpack (4.0.0) lib/action_view/template.rb:141:in `render'
  actionpack (4.0.0) lib/action_view/renderer/template_renderer.rb:49:in `block (2 levels) in render_template'
  actionpack (4.0.0) lib/action_view/renderer/abstract_renderer.rb:38:in `block in instrument'
  activesupport (4.0.0) lib/active_support/notifications.rb:159:in `block in instrument'
  activesupport (4.0.0) lib/active_support/notifications/instrumenter.rb:20:in `instrument'
  activesupport (4.0.0) lib/active_support/notifications.rb:159:in `instrument'
  actionpack (4.0.0) lib/action_view/renderer/abstract_renderer.rb:38:in `instrument'
  actionpack (4.0.0) lib/action_view/renderer/template_renderer.rb:48:in `block in render_template'
  actionpack (4.0.0) lib/action_view/renderer/template_renderer.rb:56:in `render_with_layout'
  actionpack (4.0.0) lib/action_view/renderer/template_renderer.rb:47:in `render_template'
  actionpack (4.0.0) lib/action_view/renderer/template_renderer.rb:17:in `render'
  actionpack (4.0.0) lib/action_view/renderer/renderer.rb:42:in `render_template'
  actionpack (4.0.0) lib/action_view/renderer/renderer.rb:23:in `render'
  actionpack (4.0.0) lib/abstract_controller/rendering.rb:127:in `_render_template'
  actionpack (4.0.0) lib/action_controller/metal/streaming.rb:219:in `_render_template'
  actionpack (4.0.0) lib/abstract_controller/rendering.rb:120:in `render_to_body'
  actionpack (4.0.0) lib/action_controller/metal/rendering.rb:33:in `render_to_body'
  actionpack (4.0.0) lib/action_controller/metal/renderers.rb:26:in `render_to_body'
  actionpack (4.0.0) lib/abstract_controller/rendering.rb:97:in `render'
  actionpack (4.0.0) lib/action_controller/metal/rendering.rb:16:in `render'
  actionpack (4.0.0) lib/action_controller/metal/instrumentation.rb:41:in `block (2 levels) in render'
  activesupport (4.0.0) lib/active_support/core_ext/benchmark.rb:12:in `block in ms'
  C:/RailsInstaller/Ruby1.9.3/lib/ruby/1.9.1/benchmark.rb:295:in `realtime'
  activesupport (4.0.0) lib/active_support/core_ext/benchmark.rb:12:in `ms'
  actionpack (4.0.0) lib/action_controller/metal/instrumentation.rb:41:in `block in render'
  actionpack (4.0.0) lib/action_controller/metal/instrumentation.rb:84:in `cleanup_view_runtime'
  activerecord (4.0.0) lib/active_record/railties/controller_runtime.rb:25:in `cleanup_view_runtime'
  actionpack (4.0.0) lib/action_controller/metal/instrumentation.rb:40:in `render'
  actionpack (4.0.0) lib/action_controller/metal/implicit_render.rb:10:in `default_render'
  actionpack (4.0.0) lib/action_controller/metal/responder.rb:233:in `default_render'
  actionpack (4.0.0) lib/action_controller/metal/responder.rb:161:in `to_html'
  actionpack (4.0.0) lib/action_controller/metal/responder.rb:154:in `respond'
  actionpack (4.0.0) lib/action_controller/metal/responder.rb:147:in `call'
  actionpack (4.0.0) lib/action_controller/metal/mime_responds.rb:330:in `respond_with'
  devise (3.1.1) app/controllers/devise/sessions_controller.rb:10:in `new'
  actionpack (4.0.0) lib/action_controller/metal/implicit_render.rb:4:in `send_action'
  actionpack (4.0.0) lib/abstract_controller/base.rb:189:in `process_action'
  actionpack (4.0.0) lib/action_controller/metal/rendering.rb:10:in `process_action'
  actionpack (4.0.0) lib/abstract_controller/callbacks.rb:18:in `block in process_action'
  activesupport (4.0.0) lib/active_support/callbacks.rb:453:in `_run__805569293__process_action__callbacks'
  activesupport (4.0.0) lib/active_support/callbacks.rb:80:in `run_callbacks'
  actionpack (4.0.0) lib/abstract_controller/callbacks.rb:17:in `process_action'
  actionpack (4.0.0) lib/action_controller/metal/rescue.rb:29:in `process_action'
  actionpack (4.0.0) lib/action_controller/metal/instrumentation.rb:31:in `block in process_action'
  activesupport (4.0.0) lib/active_support/notifications.rb:159:in `block in instrument'
  activesupport (4.0.0) lib/active_support/notifications/instrumenter.rb:20:in `instrument'
  activesupport (4.0.0) lib/active_support/notifications.rb:159:in `instrument'
  actionpack (4.0.0) lib/action_controller/metal/instrumentation.rb:30:in `process_action'
  actionpack (4.0.0) lib/action_controller/metal/params_wrapper.rb:245:in `process_action'
  activerecord (4.0.0) lib/active_record/railties/controller_runtime.rb:18:in `process_action'
  actionpack (4.0.0) lib/abstract_controller/base.rb:136:in `process'
  actionpack (4.0.0) lib/abstract_controller/rendering.rb:44:in `process'
  actionpack (4.0.0) lib/action_controller/metal.rb:195:in `dispatch'
  actionpack (4.0.0) lib/action_controller/metal/rack_delegation.rb:13:in `dispatch'
  actionpack (4.0.0) lib/action_controller/metal.rb:231:in `block in action'
  devise (3.1.1) lib/devise/failure_app.rb:51:in `call'
  devise (3.1.1) lib/devise/failure_app.rb:51:in `recall'
  devise (3.1.1) lib/devise/failure_app.rb:35:in `respond'
  actionpack (4.0.0) lib/abstract_controller/base.rb:189:in `process_action'
  actionpack (4.0.0) lib/abstract_controller/base.rb:136:in `process'
  actionpack (4.0.0) lib/action_controller/metal.rb:195:in `dispatch'
  actionpack (4.0.0) lib/action_controller/metal/rack_delegation.rb:13:in `dispatch'
  actionpack (4.0.0) lib/action_controller/metal.rb:231:in `block in action'
  devise (3.1.1) lib/devise/failure_app.rb:20:in `call'
  devise (3.1.1) lib/devise/failure_app.rb:20:in `call'
  devise (3.1.1) lib/devise/delegator.rb:5:in `call'
  warden (1.2.3) lib/warden/manager.rb:130:in `call_failure_app'
  warden (1.2.3) lib/warden/manager.rb:116:in `process_unauthenticated'
  warden (1.2.3) lib/warden/manager.rb:47:in `call'
  rack (1.5.2) lib/rack/etag.rb:23:in `call'
  rack (1.5.2) lib/rack/conditionalget.rb:35:in `call'
  rack (1.5.2) lib/rack/head.rb:11:in `call'
  actionpack (4.0.0) lib/action_dispatch/middleware/params_parser.rb:27:in `call'
  actionpack (4.0.0) lib/action_dispatch/middleware/flash.rb:241:in `call'
  rack (1.5.2) lib/rack/session/abstract/id.rb:225:in `context'
  rack (1.5.2) lib/rack/session/abstract/id.rb:220:in `call'
  actionpack (4.0.0) lib/action_dispatch/middleware/cookies.rb:486:in `call'
  activerecord (4.0.0) lib/active_record/query_cache.rb:36:in `call'
  activerecord (4.0.0) lib/active_record/connection_adapters/abstract/connection_pool.rb:626:in `call'
  activerecord (4.0.0) lib/active_record/migration.rb:369:in `call'
  actionpack (4.0.0) lib/action_dispatch/middleware/callbacks.rb:29:in `block in call'
  activesupport (4.0.0) lib/active_support/callbacks.rb:373:in `_run__474080121__call__callbacks'
  activesupport (4.0.0) lib/active_support/callbacks.rb:80:in `run_callbacks'
  actionpack (4.0.0) lib/action_dispatch/middleware/callbacks.rb:27:in `call'
  actionpack (4.0.0) lib/action_dispatch/middleware/reloader.rb:64:in `call'
  actionpack (4.0.0) lib/action_dispatch/middleware/remote_ip.rb:76:in `call'
  actionpack (4.0.0) lib/action_dispatch/middleware/debug_exceptions.rb:17:in `call'
  actionpack (4.0.0) lib/action_dispatch/middleware/show_exceptions.rb:30:in `call'
  railties (4.0.0) lib/rails/rack/logger.rb:38:in `call_app'
  railties (4.0.0) lib/rails/rack/logger.rb:21:in `block in call'
  activesupport (4.0.0) lib/active_support/tagged_logging.rb:67:in `block in tagged'
  activesupport (4.0.0) lib/active_support/tagged_logging.rb:25:in `tagged'
  activesupport (4.0.0) lib/active_support/tagged_logging.rb:67:in `tagged'
  railties (4.0.0) lib/rails/rack/logger.rb:21:in `call'
  actionpack (4.0.0) lib/action_dispatch/middleware/request_id.rb:21:in `call'
  rack (1.5.2) lib/rack/methodoverride.rb:21:in `call'
  rack (1.5.2) lib/rack/runtime.rb:17:in `call'
  activesupport (4.0.0) lib/active_support/cache/strategy/local_cache.rb:83:in `call'
  rack (1.5.2) lib/rack/lock.rb:17:in `call'
  actionpack (4.0.0) lib/action_dispatch/middleware/static.rb:64:in `call'
  railties (4.0.0) lib/rails/engine.rb:511:in `call'
  railties (4.0.0) lib/rails/application.rb:97:in `call'
  rack (1.5.2) lib/rack/lock.rb:17:in `call'
  rack (1.5.2) lib/rack/content_length.rb:14:in `call'
  rack (1.5.2) lib/rack/handler/webrick.rb:60:in `service'
  C:/RailsInstaller/Ruby1.9.3/lib/ruby/1.9.1/webrick/httpserver.rb:138:in `service'
  C:/RailsInstaller/Ruby1.9.3/lib/ruby/1.9.1/webrick/httpserver.rb:94:in `run'
  C:/RailsInstaller/Ruby1.9.3/lib/ruby/1.9.1/webrick/server.rb:191:in `block in start_thread'


  Rendered C:/RailsInstaller/Ruby1.9.3/lib/ruby/gems/1.9.1/gems/actionpack-4.0.0/lib/action_dispatch/middleware/templates/rescues/_trace.erb (3.0ms)
  Rendered C:/RailsInstaller/Ruby1.9.3/lib/ruby/gems/1.9.1/gems/actionpack-4.0.0/lib/action_dispatch/middleware/templates/rescues/_request_and_response.erb (2.0ms)
  Rendered C:/RailsInstaller/Ruby1.9.3/lib/ruby/gems/1.9.1/gems/actionpack-4.0.0/lib/action_dispatch/middleware/templates/rescues/template_error.erb within rescues/layout (93.0ms)


Started POST "/users/sign_in" for 127.0.0.1 at 2013-10-19 14:30:03 +0200
Processing by Devise::SessionsController#create as HTML
  Parameters: {"utf8"=>"✓", "authenticity_token"=>"vpfKEedmitsygwbbzeYn4lgYAshroDScOUyLVR0MKQ8=", "user"=>{"email"=>"", "password"=>"[FILTERED]", "remember_me"=>"0"}, "commit"=>"Sign in"}
Completed 401 Unauthorized in 3ms
Processing by Devise::SessionsController#new as HTML
  Parameters: {"utf8"=>"✓", "authenticity_token"=>"vpfKEedmitsygwbbzeYn4lgYAshroDScOUyLVR0MKQ8=", "user"=>{"email"=>"", "password"=>"[FILTERED]", "remember_me"=>"0"}, "commit"=>"Sign in"}
  Rendered devise/sessions/new.html.haml within layouts/devise (13.0ms)
Completed 500 Internal Server Error in 24ms

ActionView::Template::Error (undefined method `each' for "Invalid email or password.":String):
     6:         %button.close{'data-dismiss' => 'alert'} &times;
     7:         =n
     8:   -unless alert.blank?
     9:     -alert.each do |a|
    10:       .alert.alert-error
    11:         %button.close{'data-dismiss' => 'alert'} &times;
    12:         =a
  app/views/devise/sessions/new.html.haml:9:in `block in _app_views_devise_sessions_new_html_haml___194048775_33185544'
  app/views/devise/sessions/new.html.haml:1:in `_app_views_devise_sessions_new_html_haml___194048775_33185544'


  Rendered C:/RailsInstaller/Ruby1.9.3/lib/ruby/gems/1.9.1/gems/actionpack-4.0.0/lib/action_dispatch/middleware/templates/rescues/_trace.erb (3.0ms)
  Rendered C:/RailsInstaller/Ruby1.9.3/lib/ruby/gems/1.9.1/gems/actionpack-4.0.0/lib/action_dispatch/middleware/templates/rescues/_request_and_response.erb (2.0ms)
  Rendered C:/RailsInstaller/Ruby1.9.3/lib/ruby/gems/1.9.1/gems/actionpack-4.0.0/lib/action_dispatch/middleware/templates/rescues/template_error.erb within rescues/layout (110.0ms)


Started POST "/users/sign_in" for 127.0.0.1 at 2013-10-19 14:30:33 +0200
Processing by Devise::SessionsController#create as HTML
  Parameters: {"utf8"=>"✓", "authenticity_token"=>"vpfKEedmitsygwbbzeYn4lgYAshroDScOUyLVR0MKQ8=", "user"=>{"email"=>"", "password"=>"[FILTERED]", "remember_me"=>"0"}, "commit"=>"Sign in"}
Completed 401 Unauthorized in 2ms
Processing by Devise::SessionsController#new as HTML
  Parameters: {"utf8"=>"✓", "authenticity_token"=>"vpfKEedmitsygwbbzeYn4lgYAshroDScOUyLVR0MKQ8=", "user"=>{"email"=>"", "password"=>"[FILTERED]", "remember_me"=>"0"}, "commit"=>"Sign in"}
  Rendered devise/sessions/new.html.haml within layouts/devise (7.0ms)
Completed 200 OK in 27ms (Views: 25.0ms | ActiveRecord: 0.0ms)


Started GET "/assets/application.css?body=1" for 127.0.0.1 at 2013-10-19 14:30:33 +0200


Started GET "/assets/bootstrap-responsive.css?body=1" for 127.0.0.1 at 2013-10-19 14:30:33 +0200


Started GET "/assets/_partial/login.css?body=1" for 127.0.0.1 at 2013-10-19 14:30:33 +0200


Started GET "/assets/bootstrap.css?body=1" for 127.0.0.1 at 2013-10-19 14:30:33 +0200


Started GET "/assets/jquery.js?body=1" for 127.0.0.1 at 2013-10-19 14:30:33 +0200


Started GET "/assets/jquery_ujs.js?body=1" for 127.0.0.1 at 2013-10-19 14:30:33 +0200


Started GET "/assets/turbolinks.js?body=1" for 127.0.0.1 at 2013-10-19 14:30:33 +0200


Started GET "/assets/bootstrap.js?body=1" for 127.0.0.1 at 2013-10-19 14:30:33 +0200


Started GET "/assets/bootstrap.min.js?body=1" for 127.0.0.1 at 2013-10-19 14:30:33 +0200


Started GET "/assets/homes.js?body=1" for 127.0.0.1 at 2013-10-19 14:30:33 +0200


Started GET "/assets/application.js?body=1" for 127.0.0.1 at 2013-10-19 14:30:33 +0200


Started POST "/users/sign_in" for 127.0.0.1 at 2013-10-19 14:31:24 +0200
Processing by Devise::SessionsController#create as HTML
  Parameters: {"utf8"=>"✓", "authenticity_token"=>"vpfKEedmitsygwbbzeYn4lgYAshroDScOUyLVR0MKQ8=", "user"=>{"email"=>"", "password"=>"[FILTERED]", "remember_me"=>"0"}, "commit"=>"Sign in"}
Completed 401 Unauthorized in 3ms
Processing by Devise::SessionsController#new as HTML
  Parameters: {"utf8"=>"✓", "authenticity_token"=>"vpfKEedmitsygwbbzeYn4lgYAshroDScOUyLVR0MKQ8=", "user"=>{"email"=>"", "password"=>"[FILTERED]", "remember_me"=>"0"}, "commit"=>"Sign in"}
  Rendered devise/sessions/new.html.haml within layouts/devise (9.0ms)
Completed 200 OK in 30ms (Views: 28.0ms | ActiveRecord: 0.0ms)


Started GET "/assets/application.css?body=1" for 127.0.0.1 at 2013-10-19 14:31:24 +0200


Started GET "/assets/bootstrap.css?body=1" for 127.0.0.1 at 2013-10-19 14:31:24 +0200


Started GET "/assets/bootstrap-responsive.css?body=1" for 127.0.0.1 at 2013-10-19 14:31:24 +0200


Started GET "/assets/_partial/login.css?body=1" for 127.0.0.1 at 2013-10-19 14:31:24 +0200


Started GET "/assets/jquery.js?body=1" for 127.0.0.1 at 2013-10-19 14:31:24 +0200


Started GET "/assets/jquery_ujs.js?body=1" for 127.0.0.1 at 2013-10-19 14:31:24 +0200


Started GET "/assets/turbolinks.js?body=1" for 127.0.0.1 at 2013-10-19 14:31:24 +0200


Started GET "/assets/bootstrap.js?body=1" for 127.0.0.1 at 2013-10-19 14:31:24 +0200


Started GET "/assets/bootstrap.min.js?body=1" for 127.0.0.1 at 2013-10-19 14:31:24 +0200


Started GET "/assets/homes.js?body=1" for 127.0.0.1 at 2013-10-19 14:31:24 +0200


Started GET "/assets/application.js?body=1" for 127.0.0.1 at 2013-10-19 14:31:24 +0200


Started POST "/users/sign_in" for 127.0.0.1 at 2013-10-19 14:31:43 +0200
Processing by Devise::SessionsController#create as HTML
  Parameters: {"utf8"=>"✓", "authenticity_token"=>"vpfKEedmitsygwbbzeYn4lgYAshroDScOUyLVR0MKQ8=", "user"=>{"email"=>"", "password"=>"[FILTERED]", "remember_me"=>"0"}, "commit"=>"Sign in"}
Completed 401 Unauthorized in 3ms
Processing by Devise::SessionsController#new as HTML
  Parameters: {"utf8"=>"✓", "authenticity_token"=>"vpfKEedmitsygwbbzeYn4lgYAshroDScOUyLVR0MKQ8=", "user"=>{"email"=>"", "password"=>"[FILTERED]", "remember_me"=>"0"}, "commit"=>"Sign in"}
  Rendered devise/sessions/new.html.haml within layouts/devise (8.0ms)
Completed 200 OK in 62ms (Views: 29.0ms | ActiveRecord: 0.0ms)


Started GET "/assets/application.css?body=1" for 127.0.0.1 at 2013-10-19 14:31:43 +0200


Started GET "/assets/bootstrap.css?body=1" for 127.0.0.1 at 2013-10-19 14:31:43 +0200


Started GET "/assets/bootstrap-responsive.css?body=1" for 127.0.0.1 at 2013-10-19 14:31:43 +0200


Started GET "/assets/_partial/login.css?body=1" for 127.0.0.1 at 2013-10-19 14:31:43 +0200


Started GET "/assets/jquery.js?body=1" for 127.0.0.1 at 2013-10-19 14:31:43 +0200


Started GET "/assets/jquery_ujs.js?body=1" for 127.0.0.1 at 2013-10-19 14:31:43 +0200


Started GET "/assets/turbolinks.js?body=1" for 127.0.0.1 at 2013-10-19 14:31:43 +0200


Started GET "/assets/bootstrap.js?body=1" for 127.0.0.1 at 2013-10-19 14:31:43 +0200


Started GET "/assets/bootstrap.min.js?body=1" for 127.0.0.1 at 2013-10-19 14:31:43 +0200


Started GET "/assets/homes.js?body=1" for 127.0.0.1 at 2013-10-19 14:31:43 +0200


Started GET "/assets/application.js?body=1" for 127.0.0.1 at 2013-10-19 14:31:43 +0200


Started POST "/users/sign_in" for 127.0.0.1 at 2013-10-19 14:31:55 +0200
Processing by Devise::SessionsController#create as HTML
  Parameters: {"utf8"=>"✓", "authenticity_token"=>"vpfKEedmitsygwbbzeYn4lgYAshroDScOUyLVR0MKQ8=", "user"=>{"email"=>"root@example.com", "password"=>"[FILTERED]", "remember_me"=>"0"}, "commit"=>"Sign in"}
  [1m[35mUser Load (1.0ms)[0m  SELECT `users`.* FROM `users` WHERE `users`.`email` = 'root@example.com' LIMIT 1
Completed 401 Unauthorized in 90ms
Processing by Devise::SessionsController#new as HTML
  Parameters: {"utf8"=>"✓", "authenticity_token"=>"vpfKEedmitsygwbbzeYn4lgYAshroDScOUyLVR0MKQ8=", "user"=>{"email"=>"root@example.com", "password"=>"[FILTERED]", "remember_me"=>"0"}, "commit"=>"Sign in"}
  Rendered devise/sessions/new.html.haml within layouts/devise (3.0ms)
Completed 200 OK in 190ms (Views: 26.0ms | ActiveRecord: 0.0ms)


Started GET "/assets/application.css?body=1" for 127.0.0.1 at 2013-10-19 14:31:56 +0200


Started GET "/assets/_partial/login.css?body=1" for 127.0.0.1 at 2013-10-19 14:31:56 +0200


Started GET "/assets/bootstrap.css?body=1" for 127.0.0.1 at 2013-10-19 14:31:56 +0200


Started GET "/assets/bootstrap-responsive.css?body=1" for 127.0.0.1 at 2013-10-19 14:31:56 +0200


Started GET "/assets/jquery_ujs.js?body=1" for 127.0.0.1 at 2013-10-19 14:31:56 +0200


Started GET "/assets/jquery.js?body=1" for 127.0.0.1 at 2013-10-19 14:31:56 +0200


Started GET "/assets/turbolinks.js?body=1" for 127.0.0.1 at 2013-10-19 14:31:56 +0200


Started GET "/assets/bootstrap.js?body=1" for 127.0.0.1 at 2013-10-19 14:31:56 +0200


Started GET "/assets/bootstrap.min.js?body=1" for 127.0.0.1 at 2013-10-19 14:31:56 +0200


Started GET "/assets/homes.js?body=1" for 127.0.0.1 at 2013-10-19 14:31:56 +0200


Started GET "/assets/application.js?body=1" for 127.0.0.1 at 2013-10-19 14:31:56 +0200
  [1m[36m (2.0ms)[0m  [1mBEGIN[0m
  [1m[35mUser Exists (1.0ms)[0m  SELECT 1 AS one FROM `users` WHERE `users`.`email` = BINARY 'root@example.com' LIMIT 1
  [1m[36m (1.0ms)[0m  [1mROLLBACK[0m
  [1m[35m (1.0ms)[0m  BEGIN
  [1m[36mUser Exists (1.0ms)[0m  [1mSELECT 1 AS one FROM `users` WHERE `users`.`email` = BINARY 'root@example.com' LIMIT 1[0m
  [1m[35m (1.0ms)[0m  ROLLBACK
  [1m[36m (1.0ms)[0m  [1mBEGIN[0m
  [1m[35mUser Exists (2.0ms)[0m  SELECT 1 AS one FROM `users` WHERE `users`.`email` = BINARY 'root@example.com' LIMIT 1
  [1m[36mSQL (1.0ms)[0m  [1mINSERT INTO `users` (`created_at`, `email`, `encrypted_password`, `updated_at`) VALUES ('2013-10-19 12:35:25', 'root@example.com', '$2a$10$we8./Ikg1DXOR1KeQDaApe8v0zUmprhO5Q3jubSaXFAyEimoDUgB6', '2013-10-19 12:35:25')[0m
  [1m[35m (59.0ms)[0m  COMMIT


Started POST "/users/sign_in" for 127.0.0.1 at 2013-10-19 14:35:45 +0200
Processing by Devise::SessionsController#create as HTML
  Parameters: {"utf8"=>"✓", "authenticity_token"=>"vpfKEedmitsygwbbzeYn4lgYAshroDScOUyLVR0MKQ8=", "user"=>{"email"=>"root@example.com", "password"=>"[FILTERED]", "remember_me"=>"1"}, "commit"=>"Sign in"}
  [1m[36mUser Load (2.0ms)[0m  [1mSELECT `users`.* FROM `users` WHERE `users`.`email` = 'root@example.com' LIMIT 1[0m
  [1m[35m (1.0ms)[0m  BEGIN
  [1m[36mSQL (61.0ms)[0m  [1mUPDATE `users` SET `remember_created_at` = '2013-10-19 12:35:46', `updated_at` = '2013-10-19 12:35:46' WHERE `users`.`id` = 1[0m
  [1m[35m (79.0ms)[0m  COMMIT
  [1m[36m (1.0ms)[0m  [1mBEGIN[0m
  [1m[35mSQL (2.0ms)[0m  UPDATE `users` SET `last_sign_in_at` = '2013-10-19 12:35:46', `current_sign_in_at` = '2013-10-19 12:35:46', `last_sign_in_ip` = '127.0.0.1', `current_sign_in_ip` = '127.0.0.1', `sign_in_count` = 1, `updated_at` = '2013-10-19 12:35:46' WHERE `users`.`id` = 1
  [1m[36m (49.0ms)[0m  [1mCOMMIT[0m
Redirected to http://localhost:3000/
Completed 302 Found in 547ms (ActiveRecord: 195.0ms)


Started GET "/" for 127.0.0.1 at 2013-10-19 14:35:46 +0200
Processing by HomesController#show as HTML
  [1m[35mUser Load (1.0ms)[0m  SELECT `users`.* FROM `users` WHERE `users`.`id` = 1 ORDER BY `users`.`id` ASC LIMIT 1
  Rendered homes/show.html.haml within layouts/application (3.0ms)
Completed 200 OK in 56ms (Views: 48.0ms | ActiveRecord: 1.0ms)


Started GET "/assets/application.css?body=1" for 127.0.0.1 at 2013-10-19 14:35:46 +0200


Started GET "/assets/bootstrap-responsive.css?body=1" for 127.0.0.1 at 2013-10-19 14:35:46 +0200


Started GET "/assets/_partial/login.css?body=1" for 127.0.0.1 at 2013-10-19 14:35:46 +0200


Started GET "/assets/jquery.js?body=1" for 127.0.0.1 at 2013-10-19 14:35:47 +0200


Started GET "/assets/bootstrap.min.js?body=1" for 127.0.0.1 at 2013-10-19 14:35:47 +0200


Started GET "/assets/turbolinks.js?body=1" for 127.0.0.1 at 2013-10-19 14:35:47 +0200


Started GET "/assets/application.js?body=1" for 127.0.0.1 at 2013-10-19 14:35:47 +0200


Started GET "/assets/bootstrap.js?body=1" for 127.0.0.1 at 2013-10-19 14:35:47 +0200


Started GET "/assets/bootstrap.css?body=1" for 127.0.0.1 at 2013-10-19 14:35:47 +0200


Started GET "/assets/homes.js?body=1" for 127.0.0.1 at 2013-10-19 14:35:47 +0200


Started GET "/assets/jquery_ujs.js?body=1" for 127.0.0.1 at 2013-10-19 14:35:47 +0200
  [1m[36m (40.0ms)[0m  [1mDROP DATABASE IF EXISTS `feedr_test`[0m
  [1m[35m (2.0ms)[0m  CREATE DATABASE `feedr_test` DEFAULT CHARACTER SET `utf8` COLLATE `utf8_unicode_ci`
  [1m[36m (152.0ms)[0m  [1mCREATE TABLE `users` (`id` int(11) DEFAULT NULL auto_increment PRIMARY KEY, `email` varchar(255) DEFAULT '' NOT NULL, `encrypted_password` varchar(255) DEFAULT '' NOT NULL, `reset_password_token` varchar(255), `reset_password_sent_at` datetime, `remember_created_at` datetime, `sign_in_count` int(11) DEFAULT 0 NOT NULL, `current_sign_in_at` datetime, `last_sign_in_at` datetime, `current_sign_in_ip` varchar(255), `last_sign_in_ip` varchar(255), `created_at` datetime, `updated_at` datetime) ENGINE=InnoDB[0m
  [1m[35m (180.0ms)[0m  CREATE UNIQUE INDEX `index_users_on_email` USING btree ON `users` (`email`) 
  [1m[36m (160.0ms)[0m  [1mCREATE UNIQUE INDEX `index_users_on_reset_password_token` USING btree ON `users` (`reset_password_token`) [0m
  [1m[35m (104.0ms)[0m  CREATE TABLE `schema_migrations` (`version` varchar(255) NOT NULL) ENGINE=InnoDB
  [1m[36m (162.0ms)[0m  [1mCREATE UNIQUE INDEX `unique_schema_migrations` ON `schema_migrations` (`version`) [0m
  [1m[35m (0.0ms)[0m  SELECT version FROM `schema_migrations`
  [1m[36m (37.0ms)[0m  [1mINSERT INTO `schema_migrations` (version) VALUES ('20131019100801')[0m
